172.19.0.1 - - [24/Oct/2020:13:48:40 +0000] "GET / HTTP/1.1" 502 559 "-" "Mozilla/5.0 (X11; Linux x86_64) AppleWebKit/537.36 (KHTML, like Gecko) Chrome/86.0.4240.75 Safari/537.36"
172.19.0.1 - - [24/Oct/2020:13:49:35 +0000] "GET / HTTP/1.1" 502 559 "-" "Mozilla/5.0 (X11; Linux x86_64) AppleWebKit/537.36 (KHTML, like Gecko) Chrome/86.0.4240.75 Safari/537.36"
172.19.0.1 - - [24/Oct/2020:13:51:22 +0000] "GET / HTTP/1.1" 502 559 "-" "Mozilla/5.0 (X11; Linux x86_64) AppleWebKit/537.36 (KHTML, like Gecko) Chrome/86.0.4240.75 Safari/537.36"
172.19.0.1 - - [24/Oct/2020:13:53:23 +0000] "GET / HTTP/1.1" 502 559 "-" "Mozilla/5.0 (X11; Linux x86_64) AppleWebKit/537.36 (KHTML, like Gecko) Chrome/86.0.4240.75 Safari/537.36"
172.19.0.1 - - [24/Oct/2020:13:53:23 +0000] "GET /favicon.ico HTTP/1.1" 502 559 "http://memory_app.com/" "Mozilla/5.0 (X11; Linux x86_64) AppleWebKit/537.36 (KHTML, like Gecko) Chrome/86.0.4240.75 Safari/537.36"
172.19.0.1 - - [24/Oct/2020:13:54:53 +0000] "GET / HTTP/1.1" 502 559 "-" "Mozilla/5.0 (X11; Linux x86_64) AppleWebKit/537.36 (KHTML, like Gecko) Chrome/86.0.4240.75 Safari/537.36"
172.19.0.1 - - [24/Oct/2020:13:55:04 +0000] "GET / HTTP/1.1" 502 559 "-" "Mozilla/5.0 (X11; Linux x86_64) AppleWebKit/537.36 (KHTML, like Gecko) Chrome/86.0.4240.75 Safari/537.36"
172.19.0.1 - - [24/Oct/2020:13:55:04 +0000] "GET /favicon.ico HTTP/1.1" 502 559 "http://memory_app.com/" "Mozilla/5.0 (X11; Linux x86_64) AppleWebKit/537.36 (KHTML, like Gecko) Chrome/86.0.4240.75 Safari/537.36"
172.19.0.1 - - [24/Oct/2020:13:55:57 +0000] "GET /coverage/index.html HTTP/1.1" 502 157 "-" "Mozilla/5.0 (X11; Ubuntu; Linux x86_64; rv:82.0) Gecko/20100101 Firefox/82.0"
172.19.0.1 - - [24/Oct/2020:13:56:36 +0000] "GET /coverage/index.html HTTP/1.1" 200 41219 "-" "Mozilla/5.0 (X11; Ubuntu; Linux x86_64; rv:82.0) Gecko/20100101 Firefox/82.0"
172.19.0.1 - - [24/Oct/2020:13:56:36 +0000] "GET /coverage/assets/0.10.2/application.js HTTP/1.1" 304 0 "http://localhost/coverage/index.html" "Mozilla/5.0 (X11; Ubuntu; Linux x86_64; rv:82.0) Gecko/20100101 Firefox/82.0"
172.19.0.1 - - [24/Oct/2020:13:56:36 +0000] "GET /coverage/assets/0.10.2/loading.gif HTTP/1.1" 304 0 "http://localhost/coverage/index.html" "Mozilla/5.0 (X11; Ubuntu; Linux x86_64; rv:82.0) Gecko/20100101 Firefox/82.0"
172.19.0.1 - - [24/Oct/2020:13:56:50 +0000] "GET /rails HTTP/1.1" 502 559 "-" "Mozilla/5.0 (X11; Linux x86_64) AppleWebKit/537.36 (KHTML, like Gecko) Chrome/86.0.4240.75 Safari/537.36"
172.19.0.1 - - [24/Oct/2020:13:56:50 +0000] "GET /favicon.ico HTTP/1.1" 404 555 "http://memory_app.com/rails" "Mozilla/5.0 (X11; Linux x86_64) AppleWebKit/537.36 (KHTML, like Gecko) Chrome/86.0.4240.75 Safari/537.36"
172.19.0.1 - - [24/Oct/2020:14:04:51 +0000] "GET / HTTP/1.1" 403 555 "-" "Mozilla/5.0 (X11; Linux x86_64) AppleWebKit/537.36 (KHTML, like Gecko) Chrome/86.0.4240.75 Safari/537.36"
172.19.0.1 - - [24/Oct/2020:14:05:22 +0000] "GET / HTTP/1.1" 403 555 "-" "Mozilla/5.0 (X11; Linux x86_64) AppleWebKit/537.36 (KHTML, like Gecko) Chrome/86.0.4240.75 Safari/537.36"
172.19.0.1 - - [24/Oct/2020:14:05:43 +0000] "GET /rails HTTP/1.1" 502 559 "-" "Mozilla/5.0 (X11; Linux x86_64) AppleWebKit/537.36 (KHTML, like Gecko) Chrome/86.0.4240.75 Safari/537.36"
172.19.0.1 - - [24/Oct/2020:14:06:28 +0000] "GET /rails HTTP/1.1" 502 559 "-" "Mozilla/5.0 (X11; Linux x86_64) AppleWebKit/537.36 (KHTML, like Gecko) Chrome/86.0.4240.75 Safari/537.36"
::1 - - [24/Oct/2020:14:08:40 +0000] "GET /rails HTTP/1.1" 200 400175 "-" "Mozilla/5.0 (X11; Linux x86_64) AppleWebKit/537.36 (KHTML, like Gecko) Chrome/86.0.4240.75 Safari/537.36"
::1 - - [24/Oct/2020:14:08:53 +0000] "GET /rails HTTP/1.1" 304 0 "-" "Mozilla/5.0 (X11; Linux x86_64) AppleWebKit/537.36 (KHTML, like Gecko) Chrome/86.0.4240.75 Safari/537.36"
::1 - - [24/Oct/2020:14:09:39 +0000] "GET / HTTP/1.1" 200 400175 "-" "Mozilla/5.0 (X11; Linux x86_64) AppleWebKit/537.36 (KHTML, like Gecko) Chrome/86.0.4240.75 Safari/537.36"
::1 - - [24/Oct/2020:14:09:46 +0000] "GET /assets/naruto.png.png.png.png.png.png.png.png.png.png.png.png.png.png.png.png.png.png.png HTTP/1.1" 404 5816 "-" "Mozilla/5.0 (X11; Linux x86_64) AppleWebKit/537.36 (KHTML, like Gecko) Chrome/86.0.4240.75 Safari/537.36"
::1 - - [24/Oct/2020:14:09:52 +0000] "GET /auth/sign_up HTTP/1.1" 302 117 "-" "Mozilla/5.0 (X11; Linux x86_64) AppleWebKit/537.36 (KHTML, like Gecko) Chrome/86.0.4240.75 Safari/537.36"
::1 - - [24/Oct/2020:14:09:52 +0000] "GET /auth/google_oauth2 HTTP/1.1" 302 260 "-" "Mozilla/5.0 (X11; Linux x86_64) AppleWebKit/537.36 (KHTML, like Gecko) Chrome/86.0.4240.75 Safari/537.36"
::1 - - [24/Oct/2020:14:13:20 +0000] "GET / HTTP/1.1" 304 0 "-" "Mozilla/5.0 (X11; Linux x86_64) AppleWebKit/537.36 (KHTML, like Gecko) Chrome/86.0.4240.75 Safari/537.36"
::1 - - [24/Oct/2020:14:13:28 +0000] "GET /auth/sign_up HTTP/1.1" 302 117 "-" "Mozilla/5.0 (X11; Linux x86_64) AppleWebKit/537.36 (KHTML, like Gecko) Chrome/86.0.4240.75 Safari/537.36"
::1 - - [24/Oct/2020:14:13:28 +0000] "GET /auth/google_oauth2 HTTP/1.1" 302 334 "-" "Mozilla/5.0 (X11; Linux x86_64) AppleWebKit/537.36 (KHTML, like Gecko) Chrome/86.0.4240.75 Safari/537.36"
::1 - - [24/Oct/2020:14:14:04 +0000] "GET / HTTP/1.1" 304 0 "-" "Mozilla/5.0 (X11; Linux x86_64) AppleWebKit/537.36 (KHTML, like Gecko) Chrome/86.0.4240.75 Safari/537.36"
127.0.0.1 - - [24/Oct/2020:14:14:28 +0000] "GET / HTTP/1.1" 200 400175 "-" "Mozilla/5.0 (X11; Linux x86_64) AppleWebKit/537.36 (KHTML, like Gecko) Chrome/86.0.4240.75 Safari/537.36"
::1 - - [24/Oct/2020:14:14:44 +0000] "GET / HTTP/1.1" 304 0 "-" "Mozilla/5.0 (X11; Linux x86_64) AppleWebKit/537.36 (KHTML, like Gecko) Chrome/86.0.4240.75 Safari/537.36"
::1 - - [24/Oct/2020:14:15:28 +0000] "GET /coverage/assets/0.10.2/images/ui-bg_highlight-soft_75_cccccc_1x100.png HTTP/1.1" 404 5797 "http://localhost/coverage/assets/0.10.2/application.css" "Mozilla/5.0 (X11; Linux x86_64) AppleWebKit/537.36 (KHTML, like Gecko) Chrome/86.0.4240.75 Safari/537.36"
::1 - - [24/Oct/2020:14:15:28 +0000] "GET /coverage/assets/0.10.2/images/ui-bg_glass_75_e6e6e6_1x400.png HTTP/1.1" 404 5788 "http://localhost/coverage/assets/0.10.2/application.css" "Mozilla/5.0 (X11; Linux x86_64) AppleWebKit/537.36 (KHTML, like Gecko) Chrome/86.0.4240.75 Safari/537.36"
::1 - - [24/Oct/2020:14:15:28 +0000] "GET /coverage/assets/0.10.2/images/ui-icons_888888_256x240.png HTTP/1.1" 404 5784 "http://localhost/coverage/assets/0.10.2/application.css" "Mozilla/5.0 (X11; Linux x86_64) AppleWebKit/537.36 (KHTML, like Gecko) Chrome/86.0.4240.75 Safari/537.36"
::1 - - [24/Oct/2020:14:16:05 +0000] "GET /coverage/ HTTP/1.1" 404 34810 "http://localhost/coverage/" "Mozilla/5.0 (X11; Linux x86_64) AppleWebKit/537.36 (KHTML, like Gecko) Chrome/86.0.4240.75 Safari/537.36"
::1 - - [24/Oct/2020:14:16:53 +0000] "GET /client HTTP/1.1" 200 826 "-" "Mozilla/5.0 (X11; Linux x86_64) AppleWebKit/537.36 (KHTML, like Gecko) Chrome/86.0.4240.75 Safari/537.36"
::1 - - [24/Oct/2020:14:16:53 +0000] "GET /js/app.js HTTP/1.1" 404 5736 "http://localhost/client" "Mozilla/5.0 (X11; Linux x86_64) AppleWebKit/537.36 (KHTML, like Gecko) Chrome/86.0.4240.75 Safari/537.36"
::1 - - [24/Oct/2020:14:16:53 +0000] "GET /js/chunk-vendors.js HTTP/1.1" 404 5746 "http://localhost/client" "Mozilla/5.0 (X11; Linux x86_64) AppleWebKit/537.36 (KHTML, like Gecko) Chrome/86.0.4240.75 Safari/537.36"
::1 - - [24/Oct/2020:14:16:53 +0000] "GET /js/about.js HTTP/1.1" 404 5738 "http://localhost/client" "Mozilla/5.0 (X11; Linux x86_64) AppleWebKit/537.36 (KHTML, like Gecko) Chrome/86.0.4240.75 Safari/537.36"
::1 - - [24/Oct/2020:14:16:53 +0000] "GET /js/app.js HTTP/1.1" 404 5736 "http://localhost/client" "Mozilla/5.0 (X11; Linux x86_64) AppleWebKit/537.36 (KHTML, like Gecko) Chrome/86.0.4240.75 Safari/537.36"
::1 - - [24/Oct/2020:14:17:02 +0000] "GET /client HTTP/1.1" 200 826 "-" "Mozilla/5.0 (X11; Linux x86_64) AppleWebKit/537.36 (KHTML, like Gecko) Chrome/86.0.4240.75 Safari/537.36"
::1 - - [24/Oct/2020:14:17:02 +0000] "GET /js/app.js HTTP/1.1" 404 5736 "http://localhost/client" "Mozilla/5.0 (X11; Linux x86_64) AppleWebKit/537.36 (KHTML, like Gecko) Chrome/86.0.4240.75 Safari/537.36"
::1 - - [24/Oct/2020:14:17:02 +0000] "GET /js/chunk-vendors.js HTTP/1.1" 404 5746 "http://localhost/client" "Mozilla/5.0 (X11; Linux x86_64) AppleWebKit/537.36 (KHTML, like Gecko) Chrome/86.0.4240.75 Safari/537.36"
::1 - - [24/Oct/2020:14:17:02 +0000] "GET /js/about.js HTTP/1.1" 404 5738 "http://localhost/client" "Mozilla/5.0 (X11; Linux x86_64) AppleWebKit/537.36 (KHTML, like Gecko) Chrome/86.0.4240.75 Safari/537.36"
::1 - - [24/Oct/2020:14:17:02 +0000] "GET /js/app.js HTTP/1.1" 404 5736 "http://localhost/client" "Mozilla/5.0 (X11; Linux x86_64) AppleWebKit/537.36 (KHTML, like Gecko) Chrome/86.0.4240.75 Safari/537.36"
::1 - - [24/Oct/2020:14:17:45 +0000] "GET /coverage/ HTTP/1.1" 404 34843 "http://localhost/coverage/" "Mozilla/5.0 (X11; Linux x86_64) AppleWebKit/537.36 (KHTML, like Gecko) Chrome/86.0.4240.75 Safari/537.36"
::1 - - [24/Oct/2020:14:17:47 +0000] "GET /coverage/ HTTP/1.1" 404 34843 "http://localhost/coverage/" "Mozilla/5.0 (X11; Linux x86_64) AppleWebKit/537.36 (KHTML, like Gecko) Chrome/86.0.4240.75 Safari/537.36"
::1 - - [24/Oct/2020:14:17:49 +0000] "GET /coverage/ HTTP/1.1" 404 34843 "-" "Mozilla/5.0 (X11; Linux x86_64) AppleWebKit/537.36 (KHTML, like Gecko) Chrome/86.0.4240.75 Safari/537.36"
::1 - - [24/Oct/2020:14:18:01 +0000] "GET / HTTP/1.1" 304 0 "-" "Mozilla/5.0 (X11; Linux x86_64) AppleWebKit/537.36 (KHTML, like Gecko) Chrome/86.0.4240.75 Safari/537.36"
::1 - - [24/Oct/2020:14:18:07 +0000] "GET /coverage/ HTTP/1.1" 404 34843 "-" "Mozilla/5.0 (X11; Linux x86_64) AppleWebKit/537.36 (KHTML, like Gecko) Chrome/86.0.4240.75 Safari/537.36"
::1 - - [24/Oct/2020:14:18:40 +0000] "GET /coverage/ HTTP/1.1" 404 34843 "-" "Mozilla/5.0 (X11; Linux x86_64) AppleWebKit/537.36 (KHTML, like Gecko) Chrome/86.0.4240.75 Safari/537.36"
::1 - - [24/Oct/2020:14:18:46 +0000] "GET /coverage/ HTTP/1.1" 404 34843 "-" "Mozilla/5.0 (X11; Linux x86_64) AppleWebKit/537.36 (KHTML, like Gecko) Chrome/86.0.4240.75 Safari/537.36"
::1 - - [24/Oct/2020:14:19:04 +0000] "GET /coverage/ HTTP/1.1" 200 4 "-" "Mozilla/5.0 (X11; Linux x86_64) AppleWebKit/537.36 (KHTML, like Gecko) Chrome/86.0.4240.75 Safari/537.36"
::1 - - [24/Oct/2020:14:19:15 +0000] "GET /coverage/ HTTP/1.1" 301 169 "-" "Mozilla/5.0 (X11; Linux x86_64) AppleWebKit/537.36 (KHTML, like Gecko) Chrome/86.0.4240.75 Safari/537.36"
::1 - - [24/Oct/2020:14:19:15 +0000] "GET /coverage/index.html HTTP/1.1" 301 169 "-" "Mozilla/5.0 (X11; Linux x86_64) AppleWebKit/537.36 (KHTML, like Gecko) Chrome/86.0.4240.75 Safari/537.36"
::1 - - [24/Oct/2020:14:19:15 +0000] "GET /coverage/index.html HTTP/1.1" 301 169 "-" "Mozilla/5.0 (X11; Linux x86_64) AppleWebKit/537.36 (KHTML, like Gecko) Chrome/86.0.4240.75 Safari/537.36"
::1 - - [24/Oct/2020:14:19:15 +0000] "GET /coverage/index.html HTTP/1.1" 301 169 "-" "Mozilla/5.0 (X11; Linux x86_64) AppleWebKit/537.36 (KHTML, like Gecko) Chrome/86.0.4240.75 Safari/537.36"
::1 - - [24/Oct/2020:14:19:15 +0000] "GET /coverage/index.html HTTP/1.1" 301 169 "-" "Mozilla/5.0 (X11; Linux x86_64) AppleWebKit/537.36 (KHTML, like Gecko) Chrome/86.0.4240.75 Safari/537.36"
::1 - - [24/Oct/2020:14:19:15 +0000] "GET /coverage/index.html HTTP/1.1" 301 169 "-" "Mozilla/5.0 (X11; Linux x86_64) AppleWebKit/537.36 (KHTML, like Gecko) Chrome/86.0.4240.75 Safari/537.36"
::1 - - [24/Oct/2020:14:19:15 +0000] "GET /coverage/index.html HTTP/1.1" 301 169 "-" "Mozilla/5.0 (X11; Linux x86_64) AppleWebKit/537.36 (KHTML, like Gecko) Chrome/86.0.4240.75 Safari/537.36"
::1 - - [24/Oct/2020:14:19:15 +0000] "GET /coverage/index.html HTTP/1.1" 301 169 "-" "Mozilla/5.0 (X11; Linux x86_64) AppleWebKit/537.36 (KHTML, like Gecko) Chrome/86.0.4240.75 Safari/537.36"
::1 - - [24/Oct/2020:14:19:15 +0000] "GET /coverage/index.html HTTP/1.1" 301 169 "-" "Mozilla/5.0 (X11; Linux x86_64) AppleWebKit/537.36 (KHTML, like Gecko) Chrome/86.0.4240.75 Safari/537.36"
::1 - - [24/Oct/2020:14:19:15 +0000] "GET /coverage/index.html HTTP/1.1" 301 169 "-" "Mozilla/5.0 (X11; Linux x86_64) AppleWebKit/537.36 (KHTML, like Gecko) Chrome/86.0.4240.75 Safari/537.36"
::1 - - [24/Oct/2020:14:19:15 +0000] "GET /coverage/index.html HTTP/1.1" 301 169 "-" "Mozilla/5.0 (X11; Linux x86_64) AppleWebKit/537.36 (KHTML, like Gecko) Chrome/86.0.4240.75 Safari/537.36"
::1 - - [24/Oct/2020:14:19:15 +0000] "GET /coverage/index.html HTTP/1.1" 301 169 "-" "Mozilla/5.0 (X11; Linux x86_64) AppleWebKit/537.36 (KHTML, like Gecko) Chrome/86.0.4240.75 Safari/537.36"
::1 - - [24/Oct/2020:14:19:15 +0000] "GET /coverage/index.html HTTP/1.1" 301 169 "-" "Mozilla/5.0 (X11; Linux x86_64) AppleWebKit/537.36 (KHTML, like Gecko) Chrome/86.0.4240.75 Safari/537.36"
::1 - - [24/Oct/2020:14:19:15 +0000] "GET /coverage/index.html HTTP/1.1" 301 169 "-" "Mozilla/5.0 (X11; Linux x86_64) AppleWebKit/537.36 (KHTML, like Gecko) Chrome/86.0.4240.75 Safari/537.36"
::1 - - [24/Oct/2020:14:19:15 +0000] "GET /coverage/index.html HTTP/1.1" 301 169 "-" "Mozilla/5.0 (X11; Linux x86_64) AppleWebKit/537.36 (KHTML, like Gecko) Chrome/86.0.4240.75 Safari/537.36"
::1 - - [24/Oct/2020:14:19:15 +0000] "GET /coverage/index.html HTTP/1.1" 301 169 "-" "Mozilla/5.0 (X11; Linux x86_64) AppleWebKit/537.36 (KHTML, like Gecko) Chrome/86.0.4240.75 Safari/537.36"
::1 - - [24/Oct/2020:14:19:15 +0000] "GET /coverage/index.html HTTP/1.1" 301 169 "-" "Mozilla/5.0 (X11; Linux x86_64) AppleWebKit/537.36 (KHTML, like Gecko) Chrome/86.0.4240.75 Safari/537.36"
::1 - - [24/Oct/2020:14:19:15 +0000] "GET /coverage/index.html HTTP/1.1" 301 169 "-" "Mozilla/5.0 (X11; Linux x86_64) AppleWebKit/537.36 (KHTML, like Gecko) Chrome/86.0.4240.75 Safari/537.36"
::1 - - [24/Oct/2020:14:19:15 +0000] "GET /coverage/index.html HTTP/1.1" 301 169 "-" "Mozilla/5.0 (X11; Linux x86_64) AppleWebKit/537.36 (KHTML, like Gecko) Chrome/86.0.4240.75 Safari/537.36"
::1 - - [24/Oct/2020:14:19:15 +0000] "GET /coverage/index.html HTTP/1.1" 301 169 "-" "Mozilla/5.0 (X11; Linux x86_64) AppleWebKit/537.36 (KHTML, like Gecko) Chrome/86.0.4240.75 Safari/537.36"
::1 - - [24/Oct/2020:14:19:16 +0000] "GET /coverage/index.html HTTP/1.1" 301 169 "-" "Mozilla/5.0 (X11; Linux x86_64) AppleWebKit/537.36 (KHTML, like Gecko) Chrome/86.0.4240.75 Safari/537.36"
::1 - - [24/Oct/2020:14:19:16 +0000] "GET /coverage/index.html HTTP/1.1" 301 169 "-" "Mozilla/5.0 (X11; Linux x86_64) AppleWebKit/537.36 (KHTML, like Gecko) Chrome/86.0.4240.75 Safari/537.36"
::1 - - [24/Oct/2020:14:19:16 +0000] "GET /coverage/index.html HTTP/1.1" 301 169 "-" "Mozilla/5.0 (X11; Linux x86_64) AppleWebKit/537.36 (KHTML, like Gecko) Chrome/86.0.4240.75 Safari/537.36"
::1 - - [24/Oct/2020:14:19:16 +0000] "GET /coverage/index.html HTTP/1.1" 301 169 "-" "Mozilla/5.0 (X11; Linux x86_64) AppleWebKit/537.36 (KHTML, like Gecko) Chrome/86.0.4240.75 Safari/537.36"
::1 - - [24/Oct/2020:14:19:16 +0000] "GET /coverage/index.html HTTP/1.1" 301 169 "-" "Mozilla/5.0 (X11; Linux x86_64) AppleWebKit/537.36 (KHTML, like Gecko) Chrome/86.0.4240.75 Safari/537.36"
::1 - - [24/Oct/2020:14:19:16 +0000] "GET /coverage/index.html HTTP/1.1" 301 169 "-" "Mozilla/5.0 (X11; Linux x86_64) AppleWebKit/537.36 (KHTML, like Gecko) Chrome/86.0.4240.75 Safari/537.36"
::1 - - [24/Oct/2020:14:19:16 +0000] "GET /coverage/index.html HTTP/1.1" 301 169 "-" "Mozilla/5.0 (X11; Linux x86_64) AppleWebKit/537.36 (KHTML, like Gecko) Chrome/86.0.4240.75 Safari/537.36"
::1 - - [24/Oct/2020:14:19:16 +0000] "GET /coverage/index.html HTTP/1.1" 301 169 "-" "Mozilla/5.0 (X11; Linux x86_64) AppleWebKit/537.36 (KHTML, like Gecko) Chrome/86.0.4240.75 Safari/537.36"
::1 - - [24/Oct/2020:14:19:16 +0000] "GET /coverage/index.html HTTP/1.1" 301 169 "-" "Mozilla/5.0 (X11; Linux x86_64) AppleWebKit/537.36 (KHTML, like Gecko) Chrome/86.0.4240.75 Safari/537.36"
::1 - - [24/Oct/2020:14:19:16 +0000] "GET /coverage/index.html HTTP/1.1" 301 169 "-" "Mozilla/5.0 (X11; Linux x86_64) AppleWebKit/537.36 (KHTML, like Gecko) Chrome/86.0.4240.75 Safari/537.36"
::1 - - [24/Oct/2020:14:19:16 +0000] "GET /coverage/index.html HTTP/1.1" 301 169 "-" "Mozilla/5.0 (X11; Linux x86_64) AppleWebKit/537.36 (KHTML, like Gecko) Chrome/86.0.4240.75 Safari/537.36"
::1 - - [24/Oct/2020:14:19:16 +0000] "GET /coverage/index.html HTTP/1.1" 301 169 "-" "Mozilla/5.0 (X11; Linux x86_64) AppleWebKit/537.36 (KHTML, like Gecko) Chrome/86.0.4240.75 Safari/537.36"
::1 - - [24/Oct/2020:14:19:16 +0000] "GET /coverage/index.html HTTP/1.1" 301 169 "-" "Mozilla/5.0 (X11; Linux x86_64) AppleWebKit/537.36 (KHTML, like Gecko) Chrome/86.0.4240.75 Safari/537.36"
::1 - - [24/Oct/2020:14:19:16 +0000] "GET /coverage/index.html HTTP/1.1" 301 169 "-" "Mozilla/5.0 (X11; Linux x86_64) AppleWebKit/537.36 (KHTML, like Gecko) Chrome/86.0.4240.75 Safari/537.36"
::1 - - [24/Oct/2020:14:19:16 +0000] "GET /coverage/index.html HTTP/1.1" 301 169 "-" "Mozilla/5.0 (X11; Linux x86_64) AppleWebKit/537.36 (KHTML, like Gecko) Chrome/86.0.4240.75 Safari/537.36"
::1 - - [24/Oct/2020:14:19:16 +0000] "GET /coverage/index.html HTTP/1.1" 301 169 "-" "Mozilla/5.0 (X11; Linux x86_64) AppleWebKit/537.36 (KHTML, like Gecko) Chrome/86.0.4240.75 Safari/537.36"
::1 - - [24/Oct/2020:14:19:16 +0000] "GET /coverage/index.html HTTP/1.1" 301 169 "-" "Mozilla/5.0 (X11; Linux x86_64) AppleWebKit/537.36 (KHTML, like Gecko) Chrome/86.0.4240.75 Safari/537.36"
::1 - - [24/Oct/2020:14:19:16 +0000] "GET /coverage/index.html HTTP/1.1" 301 169 "-" "Mozilla/5.0 (X11; Linux x86_64) AppleWebKit/537.36 (KHTML, like Gecko) Chrome/86.0.4240.75 Safari/537.36"
::1 - - [24/Oct/2020:14:19:16 +0000] "GET /coverage/index.html HTTP/1.1" 301 169 "-" "Mozilla/5.0 (X11; Linux x86_64) AppleWebKit/537.36 (KHTML, like Gecko) Chrome/86.0.4240.75 Safari/537.36"
::1 - - [24/Oct/2020:14:19:16 +0000] "GET /coverage/index.html HTTP/1.1" 301 169 "-" "Mozilla/5.0 (X11; Linux x86_64) AppleWebKit/537.36 (KHTML, like Gecko) Chrome/86.0.4240.75 Safari/537.36"
::1 - - [24/Oct/2020:14:19:21 +0000] "GET /coverage/index.html HTTP/1.1" 301 169 "-" "Mozilla/5.0 (X11; Linux x86_64) AppleWebKit/537.36 (KHTML, like Gecko) Chrome/86.0.4240.75 Safari/537.36"
::1 - - [24/Oct/2020:14:19:21 +0000] "GET /coverage/index.html HTTP/1.1" 301 169 "-" "Mozilla/5.0 (X11; Linux x86_64) AppleWebKit/537.36 (KHTML, like Gecko) Chrome/86.0.4240.75 Safari/537.36"
::1 - - [24/Oct/2020:14:19:21 +0000] "GET /coverage/index.html HTTP/1.1" 301 169 "-" "Mozilla/5.0 (X11; Linux x86_64) AppleWebKit/537.36 (KHTML, like Gecko) Chrome/86.0.4240.75 Safari/537.36"
::1 - - [24/Oct/2020:14:19:21 +0000] "GET /coverage/index.html HTTP/1.1" 301 169 "-" "Mozilla/5.0 (X11; Linux x86_64) AppleWebKit/537.36 (KHTML, like Gecko) Chrome/86.0.4240.75 Safari/537.36"
::1 - - [24/Oct/2020:14:19:21 +0000] "GET /coverage/index.html HTTP/1.1" 301 169 "-" "Mozilla/5.0 (X11; Linux x86_64) AppleWebKit/537.36 (KHTML, like Gecko) Chrome/86.0.4240.75 Safari/537.36"
::1 - - [24/Oct/2020:14:19:21 +0000] "GET /coverage/index.html HTTP/1.1" 301 169 "-" "Mozilla/5.0 (X11; Linux x86_64) AppleWebKit/537.36 (KHTML, like Gecko) Chrome/86.0.4240.75 Safari/537.36"
::1 - - [24/Oct/2020:14:19:21 +0000] "GET /coverage/index.html HTTP/1.1" 301 169 "-" "Mozilla/5.0 (X11; Linux x86_64) AppleWebKit/537.36 (KHTML, like Gecko) Chrome/86.0.4240.75 Safari/537.36"
::1 - - [24/Oct/2020:14:19:21 +0000] "GET /coverage/index.html HTTP/1.1" 301 169 "-" "Mozilla/5.0 (X11; Linux x86_64) AppleWebKit/537.36 (KHTML, like Gecko) Chrome/86.0.4240.75 Safari/537.36"
::1 - - [24/Oct/2020:14:19:21 +0000] "GET /coverage/index.html HTTP/1.1" 301 169 "-" "Mozilla/5.0 (X11; Linux x86_64) AppleWebKit/537.36 (KHTML, like Gecko) Chrome/86.0.4240.75 Safari/537.36"
::1 - - [24/Oct/2020:14:19:21 +0000] "GET /coverage/index.html HTTP/1.1" 301 169 "-" "Mozilla/5.0 (X11; Linux x86_64) AppleWebKit/537.36 (KHTML, like Gecko) Chrome/86.0.4240.75 Safari/537.36"
::1 - - [24/Oct/2020:14:19:21 +0000] "GET /coverage/index.html HTTP/1.1" 301 169 "-" "Mozilla/5.0 (X11; Linux x86_64) AppleWebKit/537.36 (KHTML, like Gecko) Chrome/86.0.4240.75 Safari/537.36"
::1 - - [24/Oct/2020:14:19:21 +0000] "GET /coverage/index.html HTTP/1.1" 301 169 "-" "Mozilla/5.0 (X11; Linux x86_64) AppleWebKit/537.36 (KHTML, like Gecko) Chrome/86.0.4240.75 Safari/537.36"
::1 - - [24/Oct/2020:14:19:21 +0000] "GET /coverage/index.html HTTP/1.1" 301 169 "-" "Mozilla/5.0 (X11; Linux x86_64) AppleWebKit/537.36 (KHTML, like Gecko) Chrome/86.0.4240.75 Safari/537.36"
::1 - - [24/Oct/2020:14:19:21 +0000] "GET /coverage/index.html HTTP/1.1" 301 169 "-" "Mozilla/5.0 (X11; Linux x86_64) AppleWebKit/537.36 (KHTML, like Gecko) Chrome/86.0.4240.75 Safari/537.36"
::1 - - [24/Oct/2020:14:19:21 +0000] "GET /coverage/index.html HTTP/1.1" 301 169 "-" "Mozilla/5.0 (X11; Linux x86_64) AppleWebKit/537.36 (KHTML, like Gecko) Chrome/86.0.4240.75 Safari/537.36"
::1 - - [24/Oct/2020:14:19:21 +0000] "GET /coverage/index.html HTTP/1.1" 301 169 "-" "Mozilla/5.0 (X11; Linux x86_64) AppleWebKit/537.36 (KHTML, like Gecko) Chrome/86.0.4240.75 Safari/537.36"
::1 - - [24/Oct/2020:14:19:21 +0000] "GET /coverage/index.html HTTP/1.1" 301 169 "-" "Mozilla/5.0 (X11; Linux x86_64) AppleWebKit/537.36 (KHTML, like Gecko) Chrome/86.0.4240.75 Safari/537.36"
::1 - - [24/Oct/2020:14:19:21 +0000] "GET /coverage/index.html HTTP/1.1" 301 169 "-" "Mozilla/5.0 (X11; Linux x86_64) AppleWebKit/537.36 (KHTML, like Gecko) Chrome/86.0.4240.75 Safari/537.36"
::1 - - [24/Oct/2020:14:19:21 +0000] "GET /coverage/index.html HTTP/1.1" 301 169 "-" "Mozilla/5.0 (X11; Linux x86_64) AppleWebKit/537.36 (KHTML, like Gecko) Chrome/86.0.4240.75 Safari/537.36"
::1 - - [24/Oct/2020:14:19:21 +0000] "GET /coverage/index.html HTTP/1.1" 301 169 "-" "Mozilla/5.0 (X11; Linux x86_64) AppleWebKit/537.36 (KHTML, like Gecko) Chrome/86.0.4240.75 Safari/537.36"
::1 - - [24/Oct/2020:14:19:45 +0000] "GET /coverage/index.html HTTP/1.1" 301 169 "-" "Mozilla/5.0 (X11; Linux x86_64) AppleWebKit/537.36 (KHTML, like Gecko) Chrome/86.0.4240.75 Safari/537.36"
::1 - - [24/Oct/2020:14:19:45 +0000] "GET /coverage/index.html HTTP/1.1" 301 169 "-" "Mozilla/5.0 (X11; Linux x86_64) AppleWebKit/537.36 (KHTML, like Gecko) Chrome/86.0.4240.75 Safari/537.36"
::1 - - [24/Oct/2020:14:19:45 +0000] "GET /coverage/index.html HTTP/1.1" 301 169 "-" "Mozilla/5.0 (X11; Linux x86_64) AppleWebKit/537.36 (KHTML, like Gecko) Chrome/86.0.4240.75 Safari/537.36"
::1 - - [24/Oct/2020:14:19:45 +0000] "GET /coverage/index.html HTTP/1.1" 301 169 "-" "Mozilla/5.0 (X11; Linux x86_64) AppleWebKit/537.36 (KHTML, like Gecko) Chrome/86.0.4240.75 Safari/537.36"
::1 - - [24/Oct/2020:14:19:45 +0000] "GET /coverage/index.html HTTP/1.1" 301 169 "-" "Mozilla/5.0 (X11; Linux x86_64) AppleWebKit/537.36 (KHTML, like Gecko) Chrome/86.0.4240.75 Safari/537.36"
::1 - - [24/Oct/2020:14:19:46 +0000] "GET /coverage/index.html HTTP/1.1" 301 169 "-" "Mozilla/5.0 (X11; Linux x86_64) AppleWebKit/537.36 (KHTML, like Gecko) Chrome/86.0.4240.75 Safari/537.36"
::1 - - [24/Oct/2020:14:19:46 +0000] "GET /coverage/index.html HTTP/1.1" 301 169 "-" "Mozilla/5.0 (X11; Linux x86_64) AppleWebKit/537.36 (KHTML, like Gecko) Chrome/86.0.4240.75 Safari/537.36"
::1 - - [24/Oct/2020:14:19:46 +0000] "GET /coverage/index.html HTTP/1.1" 301 169 "-" "Mozilla/5.0 (X11; Linux x86_64) AppleWebKit/537.36 (KHTML, like Gecko) Chrome/86.0.4240.75 Safari/537.36"
::1 - - [24/Oct/2020:14:19:46 +0000] "GET /coverage/index.html HTTP/1.1" 301 169 "-" "Mozilla/5.0 (X11; Linux x86_64) AppleWebKit/537.36 (KHTML, like Gecko) Chrome/86.0.4240.75 Safari/537.36"
::1 - - [24/Oct/2020:14:19:46 +0000] "GET /coverage/index.html HTTP/1.1" 301 169 "-" "Mozilla/5.0 (X11; Linux x86_64) AppleWebKit/537.36 (KHTML, like Gecko) Chrome/86.0.4240.75 Safari/537.36"
::1 - - [24/Oct/2020:14:19:46 +0000] "GET /coverage/index.html HTTP/1.1" 301 169 "-" "Mozilla/5.0 (X11; Linux x86_64) AppleWebKit/537.36 (KHTML, like Gecko) Chrome/86.0.4240.75 Safari/537.36"
::1 - - [24/Oct/2020:14:19:46 +0000] "GET /coverage/index.html HTTP/1.1" 301 169 "-" "Mozilla/5.0 (X11; Linux x86_64) AppleWebKit/537.36 (KHTML, like Gecko) Chrome/86.0.4240.75 Safari/537.36"
::1 - - [24/Oct/2020:14:19:46 +0000] "GET /coverage/index.html HTTP/1.1" 301 169 "-" "Mozilla/5.0 (X11; Linux x86_64) AppleWebKit/537.36 (KHTML, like Gecko) Chrome/86.0.4240.75 Safari/537.36"
::1 - - [24/Oct/2020:14:19:46 +0000] "GET /coverage/index.html HTTP/1.1" 301 169 "-" "Mozilla/5.0 (X11; Linux x86_64) AppleWebKit/537.36 (KHTML, like Gecko) Chrome/86.0.4240.75 Safari/537.36"
::1 - - [24/Oct/2020:14:19:46 +0000] "GET /coverage/index.html HTTP/1.1" 301 169 "-" "Mozilla/5.0 (X11; Linux x86_64) AppleWebKit/537.36 (KHTML, like Gecko) Chrome/86.0.4240.75 Safari/537.36"
::1 - - [24/Oct/2020:14:19:46 +0000] "GET /coverage/index.html HTTP/1.1" 301 169 "-" "Mozilla/5.0 (X11; Linux x86_64) AppleWebKit/537.36 (KHTML, like Gecko) Chrome/86.0.4240.75 Safari/537.36"
::1 - - [24/Oct/2020:14:19:46 +0000] "GET /coverage/index.html HTTP/1.1" 301 169 "-" "Mozilla/5.0 (X11; Linux x86_64) AppleWebKit/537.36 (KHTML, like Gecko) Chrome/86.0.4240.75 Safari/537.36"
::1 - - [24/Oct/2020:14:19:46 +0000] "GET /coverage/index.html HTTP/1.1" 301 169 "-" "Mozilla/5.0 (X11; Linux x86_64) AppleWebKit/537.36 (KHTML, like Gecko) Chrome/86.0.4240.75 Safari/537.36"
::1 - - [24/Oct/2020:14:19:46 +0000] "GET /coverage/index.html HTTP/1.1" 301 169 "-" "Mozilla/5.0 (X11; Linux x86_64) AppleWebKit/537.36 (KHTML, like Gecko) Chrome/86.0.4240.75 Safari/537.36"
::1 - - [24/Oct/2020:14:19:46 +0000] "GET /coverage/index.html HTTP/1.1" 301 169 "-" "Mozilla/5.0 (X11; Linux x86_64) AppleWebKit/537.36 (KHTML, like Gecko) Chrome/86.0.4240.75 Safari/537.36"
::1 - - [24/Oct/2020:14:19:50 +0000] "GET /coverage HTTP/1.1" 301 169 "-" "Mozilla/5.0 (X11; Linux x86_64) AppleWebKit/537.36 (KHTML, like Gecko) Chrome/86.0.4240.75 Safari/537.36"
::1 - - [24/Oct/2020:14:19:50 +0000] "GET /coverage/index.html HTTP/1.1" 301 169 "-" "Mozilla/5.0 (X11; Linux x86_64) AppleWebKit/537.36 (KHTML, like Gecko) Chrome/86.0.4240.75 Safari/537.36"
::1 - - [24/Oct/2020:14:19:50 +0000] "GET /coverage/index.html HTTP/1.1" 301 169 "-" "Mozilla/5.0 (X11; Linux x86_64) AppleWebKit/537.36 (KHTML, like Gecko) Chrome/86.0.4240.75 Safari/537.36"
::1 - - [24/Oct/2020:14:19:50 +0000] "GET /coverage/index.html HTTP/1.1" 301 169 "-" "Mozilla/5.0 (X11; Linux x86_64) AppleWebKit/537.36 (KHTML, like Gecko) Chrome/86.0.4240.75 Safari/537.36"
::1 - - [24/Oct/2020:14:19:50 +0000] "GET /coverage/index.html HTTP/1.1" 301 169 "-" "Mozilla/5.0 (X11; Linux x86_64) AppleWebKit/537.36 (KHTML, like Gecko) Chrome/86.0.4240.75 Safari/537.36"
::1 - - [24/Oct/2020:14:19:50 +0000] "GET /coverage/index.html HTTP/1.1" 301 169 "-" "Mozilla/5.0 (X11; Linux x86_64) AppleWebKit/537.36 (KHTML, like Gecko) Chrome/86.0.4240.75 Safari/537.36"
::1 - - [24/Oct/2020:14:19:50 +0000] "GET /coverage/index.html HTTP/1.1" 301 169 "-" "Mozilla/5.0 (X11; Linux x86_64) AppleWebKit/537.36 (KHTML, like Gecko) Chrome/86.0.4240.75 Safari/537.36"
::1 - - [24/Oct/2020:14:19:50 +0000] "GET /coverage/index.html HTTP/1.1" 301 169 "-" "Mozilla/5.0 (X11; Linux x86_64) AppleWebKit/537.36 (KHTML, like Gecko) Chrome/86.0.4240.75 Safari/537.36"
::1 - - [24/Oct/2020:14:19:50 +0000] "GET /coverage/index.html HTTP/1.1" 301 169 "-" "Mozilla/5.0 (X11; Linux x86_64) AppleWebKit/537.36 (KHTML, like Gecko) Chrome/86.0.4240.75 Safari/537.36"
::1 - - [24/Oct/2020:14:19:50 +0000] "GET /coverage/index.html HTTP/1.1" 301 169 "-" "Mozilla/5.0 (X11; Linux x86_64) AppleWebKit/537.36 (KHTML, like Gecko) Chrome/86.0.4240.75 Safari/537.36"
::1 - - [24/Oct/2020:14:19:50 +0000] "GET /coverage/index.html HTTP/1.1" 301 169 "-" "Mozilla/5.0 (X11; Linux x86_64) AppleWebKit/537.36 (KHTML, like Gecko) Chrome/86.0.4240.75 Safari/537.36"
::1 - - [24/Oct/2020:14:19:50 +0000] "GET /coverage/index.html HTTP/1.1" 301 169 "-" "Mozilla/5.0 (X11; Linux x86_64) AppleWebKit/537.36 (KHTML, like Gecko) Chrome/86.0.4240.75 Safari/537.36"
::1 - - [24/Oct/2020:14:19:50 +0000] "GET /coverage/index.html HTTP/1.1" 301 169 "-" "Mozilla/5.0 (X11; Linux x86_64) AppleWebKit/537.36 (KHTML, like Gecko) Chrome/86.0.4240.75 Safari/537.36"
::1 - - [24/Oct/2020:14:19:50 +0000] "GET /coverage/index.html HTTP/1.1" 301 169 "-" "Mozilla/5.0 (X11; Linux x86_64) AppleWebKit/537.36 (KHTML, like Gecko) Chrome/86.0.4240.75 Safari/537.36"
::1 - - [24/Oct/2020:14:19:50 +0000] "GET /coverage/index.html HTTP/1.1" 301 169 "-" "Mozilla/5.0 (X11; Linux x86_64) AppleWebKit/537.36 (KHTML, like Gecko) Chrome/86.0.4240.75 Safari/537.36"
::1 - - [24/Oct/2020:14:19:50 +0000] "GET /coverage/index.html HTTP/1.1" 301 169 "-" "Mozilla/5.0 (X11; Linux x86_64) AppleWebKit/537.36 (KHTML, like Gecko) Chrome/86.0.4240.75 Safari/537.36"
::1 - - [24/Oct/2020:14:19:50 +0000] "GET /coverage/index.html HTTP/1.1" 301 169 "-" "Mozilla/5.0 (X11; Linux x86_64) AppleWebKit/537.36 (KHTML, like Gecko) Chrome/86.0.4240.75 Safari/537.36"
::1 - - [24/Oct/2020:14:19:50 +0000] "GET /coverage/index.html HTTP/1.1" 301 169 "-" "Mozilla/5.0 (X11; Linux x86_64) AppleWebKit/537.36 (KHTML, like Gecko) Chrome/86.0.4240.75 Safari/537.36"
::1 - - [24/Oct/2020:14:19:50 +0000] "GET /coverage/index.html HTTP/1.1" 301 169 "-" "Mozilla/5.0 (X11; Linux x86_64) AppleWebKit/537.36 (KHTML, like Gecko) Chrome/86.0.4240.75 Safari/537.36"
::1 - - [24/Oct/2020:14:19:50 +0000] "GET /coverage/index.html HTTP/1.1" 301 169 "-" "Mozilla/5.0 (X11; Linux x86_64) AppleWebKit/537.36 (KHTML, like Gecko) Chrome/86.0.4240.75 Safari/537.36"
::1 - - [24/Oct/2020:14:19:51 +0000] "GET /coverage/index.html HTTP/1.1" 301 169 "-" "Mozilla/5.0 (X11; Linux x86_64) AppleWebKit/537.36 (KHTML, like Gecko) Chrome/86.0.4240.75 Safari/537.36"
::1 - - [24/Oct/2020:14:19:51 +0000] "GET /coverage/index.html HTTP/1.1" 301 169 "-" "Mozilla/5.0 (X11; Linux x86_64) AppleWebKit/537.36 (KHTML, like Gecko) Chrome/86.0.4240.75 Safari/537.36"
::1 - - [24/Oct/2020:14:19:51 +0000] "GET /coverage/index.html HTTP/1.1" 301 169 "-" "Mozilla/5.0 (X11; Linux x86_64) AppleWebKit/537.36 (KHTML, like Gecko) Chrome/86.0.4240.75 Safari/537.36"
::1 - - [24/Oct/2020:14:19:51 +0000] "GET /coverage/index.html HTTP/1.1" 301 169 "-" "Mozilla/5.0 (X11; Linux x86_64) AppleWebKit/537.36 (KHTML, like Gecko) Chrome/86.0.4240.75 Safari/537.36"
::1 - - [24/Oct/2020:14:19:51 +0000] "GET /coverage/index.html HTTP/1.1" 301 169 "-" "Mozilla/5.0 (X11; Linux x86_64) AppleWebKit/537.36 (KHTML, like Gecko) Chrome/86.0.4240.75 Safari/537.36"
::1 - - [24/Oct/2020:14:19:51 +0000] "GET /coverage/index.html HTTP/1.1" 301 169 "-" "Mozilla/5.0 (X11; Linux x86_64) AppleWebKit/537.36 (KHTML, like Gecko) Chrome/86.0.4240.75 Safari/537.36"
::1 - - [24/Oct/2020:14:19:51 +0000] "GET /coverage/index.html HTTP/1.1" 301 169 "-" "Mozilla/5.0 (X11; Linux x86_64) AppleWebKit/537.36 (KHTML, like Gecko) Chrome/86.0.4240.75 Safari/537.36"
::1 - - [24/Oct/2020:14:19:51 +0000] "GET /coverage/index.html HTTP/1.1" 301 169 "-" "Mozilla/5.0 (X11; Linux x86_64) AppleWebKit/537.36 (KHTML, like Gecko) Chrome/86.0.4240.75 Safari/537.36"
::1 - - [24/Oct/2020:14:19:51 +0000] "GET /coverage/index.html HTTP/1.1" 301 169 "-" "Mozilla/5.0 (X11; Linux x86_64) AppleWebKit/537.36 (KHTML, like Gecko) Chrome/86.0.4240.75 Safari/537.36"
::1 - - [24/Oct/2020:14:19:51 +0000] "GET /coverage/index.html HTTP/1.1" 301 169 "-" "Mozilla/5.0 (X11; Linux x86_64) AppleWebKit/537.36 (KHTML, like Gecko) Chrome/86.0.4240.75 Safari/537.36"
::1 - - [24/Oct/2020:14:19:51 +0000] "GET /coverage/index.html HTTP/1.1" 301 169 "-" "Mozilla/5.0 (X11; Linux x86_64) AppleWebKit/537.36 (KHTML, like Gecko) Chrome/86.0.4240.75 Safari/537.36"
::1 - - [24/Oct/2020:14:19:51 +0000] "GET /coverage/index.html HTTP/1.1" 301 169 "-" "Mozilla/5.0 (X11; Linux x86_64) AppleWebKit/537.36 (KHTML, like Gecko) Chrome/86.0.4240.75 Safari/537.36"
::1 - - [24/Oct/2020:14:19:51 +0000] "GET /coverage/index.html HTTP/1.1" 301 169 "-" "Mozilla/5.0 (X11; Linux x86_64) AppleWebKit/537.36 (KHTML, like Gecko) Chrome/86.0.4240.75 Safari/537.36"
::1 - - [24/Oct/2020:14:19:51 +0000] "GET /coverage/index.html HTTP/1.1" 301 169 "-" "Mozilla/5.0 (X11; Linux x86_64) AppleWebKit/537.36 (KHTML, like Gecko) Chrome/86.0.4240.75 Safari/537.36"
::1 - - [24/Oct/2020:14:19:51 +0000] "GET /coverage/index.html HTTP/1.1" 301 169 "-" "Mozilla/5.0 (X11; Linux x86_64) AppleWebKit/537.36 (KHTML, like Gecko) Chrome/86.0.4240.75 Safari/537.36"
::1 - - [24/Oct/2020:14:19:51 +0000] "GET /coverage/index.html HTTP/1.1" 301 169 "-" "Mozilla/5.0 (X11; Linux x86_64) AppleWebKit/537.36 (KHTML, like Gecko) Chrome/86.0.4240.75 Safari/537.36"
::1 - - [24/Oct/2020:14:19:51 +0000] "GET /coverage/index.html HTTP/1.1" 301 169 "-" "Mozilla/5.0 (X11; Linux x86_64) AppleWebKit/537.36 (KHTML, like Gecko) Chrome/86.0.4240.75 Safari/537.36"
::1 - - [24/Oct/2020:14:19:51 +0000] "GET /coverage/index.html HTTP/1.1" 301 169 "-" "Mozilla/5.0 (X11; Linux x86_64) AppleWebKit/537.36 (KHTML, like Gecko) Chrome/86.0.4240.75 Safari/537.36"
::1 - - [24/Oct/2020:14:19:51 +0000] "GET /coverage/index.html HTTP/1.1" 301 169 "-" "Mozilla/5.0 (X11; Linux x86_64) AppleWebKit/537.36 (KHTML, like Gecko) Chrome/86.0.4240.75 Safari/537.36"
::1 - - [24/Oct/2020:14:19:51 +0000] "GET /coverage/index.html HTTP/1.1" 301 169 "-" "Mozilla/5.0 (X11; Linux x86_64) AppleWebKit/537.36 (KHTML, like Gecko) Chrome/86.0.4240.75 Safari/537.36"
::1 - - [24/Oct/2020:14:19:56 +0000] "GET /coverage/index.html HTTP/1.1" 301 169 "-" "Mozilla/5.0 (X11; Linux x86_64) AppleWebKit/537.36 (KHTML, like Gecko) Chrome/86.0.4240.75 Safari/537.36"
::1 - - [24/Oct/2020:14:19:56 +0000] "GET /coverage/index.html HTTP/1.1" 301 169 "-" "Mozilla/5.0 (X11; Linux x86_64) AppleWebKit/537.36 (KHTML, like Gecko) Chrome/86.0.4240.75 Safari/537.36"
::1 - - [24/Oct/2020:14:19:56 +0000] "GET /coverage/index.html HTTP/1.1" 301 169 "-" "Mozilla/5.0 (X11; Linux x86_64) AppleWebKit/537.36 (KHTML, like Gecko) Chrome/86.0.4240.75 Safari/537.36"
::1 - - [24/Oct/2020:14:19:56 +0000] "GET /coverage/index.html HTTP/1.1" 301 169 "-" "Mozilla/5.0 (X11; Linux x86_64) AppleWebKit/537.36 (KHTML, like Gecko) Chrome/86.0.4240.75 Safari/537.36"
::1 - - [24/Oct/2020:14:19:56 +0000] "GET /coverage/index.html HTTP/1.1" 301 169 "-" "Mozilla/5.0 (X11; Linux x86_64) AppleWebKit/537.36 (KHTML, like Gecko) Chrome/86.0.4240.75 Safari/537.36"
::1 - - [24/Oct/2020:14:19:56 +0000] "GET /coverage/index.html HTTP/1.1" 301 169 "-" "Mozilla/5.0 (X11; Linux x86_64) AppleWebKit/537.36 (KHTML, like Gecko) Chrome/86.0.4240.75 Safari/537.36"
::1 - - [24/Oct/2020:14:19:56 +0000] "GET /coverage/index.html HTTP/1.1" 301 169 "-" "Mozilla/5.0 (X11; Linux x86_64) AppleWebKit/537.36 (KHTML, like Gecko) Chrome/86.0.4240.75 Safari/537.36"
::1 - - [24/Oct/2020:14:19:56 +0000] "GET /coverage/index.html HTTP/1.1" 301 169 "-" "Mozilla/5.0 (X11; Linux x86_64) AppleWebKit/537.36 (KHTML, like Gecko) Chrome/86.0.4240.75 Safari/537.36"
::1 - - [24/Oct/2020:14:19:56 +0000] "GET /coverage/index.html HTTP/1.1" 301 169 "-" "Mozilla/5.0 (X11; Linux x86_64) AppleWebKit/537.36 (KHTML, like Gecko) Chrome/86.0.4240.75 Safari/537.36"
::1 - - [24/Oct/2020:14:19:56 +0000] "GET /coverage/index.html HTTP/1.1" 301 169 "-" "Mozilla/5.0 (X11; Linux x86_64) AppleWebKit/537.36 (KHTML, like Gecko) Chrome/86.0.4240.75 Safari/537.36"
::1 - - [24/Oct/2020:14:19:56 +0000] "GET /coverage/index.html HTTP/1.1" 301 169 "-" "Mozilla/5.0 (X11; Linux x86_64) AppleWebKit/537.36 (KHTML, like Gecko) Chrome/86.0.4240.75 Safari/537.36"
::1 - - [24/Oct/2020:14:19:56 +0000] "GET /coverage/index.html HTTP/1.1" 301 169 "-" "Mozilla/5.0 (X11; Linux x86_64) AppleWebKit/537.36 (KHTML, like Gecko) Chrome/86.0.4240.75 Safari/537.36"
::1 - - [24/Oct/2020:14:19:56 +0000] "GET /coverage/index.html HTTP/1.1" 301 169 "-" "Mozilla/5.0 (X11; Linux x86_64) AppleWebKit/537.36 (KHTML, like Gecko) Chrome/86.0.4240.75 Safari/537.36"
::1 - - [24/Oct/2020:14:19:56 +0000] "GET /coverage/index.html HTTP/1.1" 301 169 "-" "Mozilla/5.0 (X11; Linux x86_64) AppleWebKit/537.36 (KHTML, like Gecko) Chrome/86.0.4240.75 Safari/537.36"
::1 - - [24/Oct/2020:14:19:56 +0000] "GET /coverage/index.html HTTP/1.1" 301 169 "-" "Mozilla/5.0 (X11; Linux x86_64) AppleWebKit/537.36 (KHTML, like Gecko) Chrome/86.0.4240.75 Safari/537.36"
::1 - - [24/Oct/2020:14:19:56 +0000] "GET /coverage/index.html HTTP/1.1" 301 169 "-" "Mozilla/5.0 (X11; Linux x86_64) AppleWebKit/537.36 (KHTML, like Gecko) Chrome/86.0.4240.75 Safari/537.36"
::1 - - [24/Oct/2020:14:19:56 +0000] "GET /coverage/index.html HTTP/1.1" 301 169 "-" "Mozilla/5.0 (X11; Linux x86_64) AppleWebKit/537.36 (KHTML, like Gecko) Chrome/86.0.4240.75 Safari/537.36"
::1 - - [24/Oct/2020:14:19:56 +0000] "GET /coverage/index.html HTTP/1.1" 301 169 "-" "Mozilla/5.0 (X11; Linux x86_64) AppleWebKit/537.36 (KHTML, like Gecko) Chrome/86.0.4240.75 Safari/537.36"
::1 - - [24/Oct/2020:14:19:56 +0000] "GET /coverage/index.html HTTP/1.1" 301 169 "-" "Mozilla/5.0 (X11; Linux x86_64) AppleWebKit/537.36 (KHTML, like Gecko) Chrome/86.0.4240.75 Safari/537.36"
::1 - - [24/Oct/2020:14:19:56 +0000] "GET /coverage/index.html HTTP/1.1" 301 169 "-" "Mozilla/5.0 (X11; Linux x86_64) AppleWebKit/537.36 (KHTML, like Gecko) Chrome/86.0.4240.75 Safari/537.36"
::1 - - [24/Oct/2020:14:20:16 +0000] "GET /coverage HTTP/1.1" 301 169 "-" "Mozilla/5.0 (X11; Linux x86_64) AppleWebKit/537.36 (KHTML, like Gecko) Chrome/86.0.4240.75 Safari/537.36"
::1 - - [24/Oct/2020:14:20:16 +0000] "GET /coverage/index.html HTTP/1.1" 301 169 "-" "Mozilla/5.0 (X11; Linux x86_64) AppleWebKit/537.36 (KHTML, like Gecko) Chrome/86.0.4240.75 Safari/537.36"
::1 - - [24/Oct/2020:14:20:16 +0000] "GET /coverage/index.html HTTP/1.1" 301 169 "-" "Mozilla/5.0 (X11; Linux x86_64) AppleWebKit/537.36 (KHTML, like Gecko) Chrome/86.0.4240.75 Safari/537.36"
::1 - - [24/Oct/2020:14:20:16 +0000] "GET /coverage/index.html HTTP/1.1" 301 169 "-" "Mozilla/5.0 (X11; Linux x86_64) AppleWebKit/537.36 (KHTML, like Gecko) Chrome/86.0.4240.75 Safari/537.36"
::1 - - [24/Oct/2020:14:20:16 +0000] "GET /coverage/index.html HTTP/1.1" 301 169 "-" "Mozilla/5.0 (X11; Linux x86_64) AppleWebKit/537.36 (KHTML, like Gecko) Chrome/86.0.4240.75 Safari/537.36"
::1 - - [24/Oct/2020:14:20:16 +0000] "GET /coverage/index.html HTTP/1.1" 301 169 "-" "Mozilla/5.0 (X11; Linux x86_64) AppleWebKit/537.36 (KHTML, like Gecko) Chrome/86.0.4240.75 Safari/537.36"
::1 - - [24/Oct/2020:14:20:16 +0000] "GET /coverage/index.html HTTP/1.1" 301 169 "-" "Mozilla/5.0 (X11; Linux x86_64) AppleWebKit/537.36 (KHTML, like Gecko) Chrome/86.0.4240.75 Safari/537.36"
::1 - - [24/Oct/2020:14:20:16 +0000] "GET /coverage/index.html HTTP/1.1" 301 169 "-" "Mozilla/5.0 (X11; Linux x86_64) AppleWebKit/537.36 (KHTML, like Gecko) Chrome/86.0.4240.75 Safari/537.36"
::1 - - [24/Oct/2020:14:20:16 +0000] "GET /coverage/index.html HTTP/1.1" 301 169 "-" "Mozilla/5.0 (X11; Linux x86_64) AppleWebKit/537.36 (KHTML, like Gecko) Chrome/86.0.4240.75 Safari/537.36"
::1 - - [24/Oct/2020:14:20:16 +0000] "GET /coverage/index.html HTTP/1.1" 301 169 "-" "Mozilla/5.0 (X11; Linux x86_64) AppleWebKit/537.36 (KHTML, like Gecko) Chrome/86.0.4240.75 Safari/537.36"
::1 - - [24/Oct/2020:14:20:16 +0000] "GET /coverage/index.html HTTP/1.1" 301 169 "-" "Mozilla/5.0 (X11; Linux x86_64) AppleWebKit/537.36 (KHTML, like Gecko) Chrome/86.0.4240.75 Safari/537.36"
::1 - - [24/Oct/2020:14:20:16 +0000] "GET /coverage/index.html HTTP/1.1" 301 169 "-" "Mozilla/5.0 (X11; Linux x86_64) AppleWebKit/537.36 (KHTML, like Gecko) Chrome/86.0.4240.75 Safari/537.36"
::1 - - [24/Oct/2020:14:20:16 +0000] "GET /coverage/index.html HTTP/1.1" 301 169 "-" "Mozilla/5.0 (X11; Linux x86_64) AppleWebKit/537.36 (KHTML, like Gecko) Chrome/86.0.4240.75 Safari/537.36"
::1 - - [24/Oct/2020:14:20:16 +0000] "GET /coverage/index.html HTTP/1.1" 301 169 "-" "Mozilla/5.0 (X11; Linux x86_64) AppleWebKit/537.36 (KHTML, like Gecko) Chrome/86.0.4240.75 Safari/537.36"
::1 - - [24/Oct/2020:14:20:16 +0000] "GET /coverage/index.html HTTP/1.1" 301 169 "-" "Mozilla/5.0 (X11; Linux x86_64) AppleWebKit/537.36 (KHTML, like Gecko) Chrome/86.0.4240.75 Safari/537.36"
::1 - - [24/Oct/2020:14:20:16 +0000] "GET /coverage/index.html HTTP/1.1" 301 169 "-" "Mozilla/5.0 (X11; Linux x86_64) AppleWebKit/537.36 (KHTML, like Gecko) Chrome/86.0.4240.75 Safari/537.36"
::1 - - [24/Oct/2020:14:20:16 +0000] "GET /coverage/index.html HTTP/1.1" 301 169 "-" "Mozilla/5.0 (X11; Linux x86_64) AppleWebKit/537.36 (KHTML, like Gecko) Chrome/86.0.4240.75 Safari/537.36"
::1 - - [24/Oct/2020:14:20:16 +0000] "GET /coverage/index.html HTTP/1.1" 301 169 "-" "Mozilla/5.0 (X11; Linux x86_64) AppleWebKit/537.36 (KHTML, like Gecko) Chrome/86.0.4240.75 Safari/537.36"
::1 - - [24/Oct/2020:14:20:16 +0000] "GET /coverage/index.html HTTP/1.1" 301 169 "-" "Mozilla/5.0 (X11; Linux x86_64) AppleWebKit/537.36 (KHTML, like Gecko) Chrome/86.0.4240.75 Safari/537.36"
::1 - - [24/Oct/2020:14:20:16 +0000] "GET /coverage/index.html HTTP/1.1" 301 169 "-" "Mozilla/5.0 (X11; Linux x86_64) AppleWebKit/537.36 (KHTML, like Gecko) Chrome/86.0.4240.75 Safari/537.36"
::1 - - [24/Oct/2020:14:20:17 +0000] "GET /coverage/index.html HTTP/1.1" 301 169 "-" "Mozilla/5.0 (X11; Linux x86_64) AppleWebKit/537.36 (KHTML, like Gecko) Chrome/86.0.4240.75 Safari/537.36"
::1 - - [24/Oct/2020:14:20:17 +0000] "GET /coverage/index.html HTTP/1.1" 301 169 "-" "Mozilla/5.0 (X11; Linux x86_64) AppleWebKit/537.36 (KHTML, like Gecko) Chrome/86.0.4240.75 Safari/537.36"
::1 - - [24/Oct/2020:14:20:17 +0000] "GET /coverage/index.html HTTP/1.1" 301 169 "-" "Mozilla/5.0 (X11; Linux x86_64) AppleWebKit/537.36 (KHTML, like Gecko) Chrome/86.0.4240.75 Safari/537.36"
::1 - - [24/Oct/2020:14:20:17 +0000] "GET /coverage/index.html HTTP/1.1" 301 169 "-" "Mozilla/5.0 (X11; Linux x86_64) AppleWebKit/537.36 (KHTML, like Gecko) Chrome/86.0.4240.75 Safari/537.36"
::1 - - [24/Oct/2020:14:20:17 +0000] "GET /coverage/index.html HTTP/1.1" 301 169 "-" "Mozilla/5.0 (X11; Linux x86_64) AppleWebKit/537.36 (KHTML, like Gecko) Chrome/86.0.4240.75 Safari/537.36"
::1 - - [24/Oct/2020:14:20:17 +0000] "GET /coverage/index.html HTTP/1.1" 301 169 "-" "Mozilla/5.0 (X11; Linux x86_64) AppleWebKit/537.36 (KHTML, like Gecko) Chrome/86.0.4240.75 Safari/537.36"
::1 - - [24/Oct/2020:14:20:17 +0000] "GET /coverage/index.html HTTP/1.1" 301 169 "-" "Mozilla/5.0 (X11; Linux x86_64) AppleWebKit/537.36 (KHTML, like Gecko) Chrome/86.0.4240.75 Safari/537.36"
::1 - - [24/Oct/2020:14:20:17 +0000] "GET /coverage/index.html HTTP/1.1" 301 169 "-" "Mozilla/5.0 (X11; Linux x86_64) AppleWebKit/537.36 (KHTML, like Gecko) Chrome/86.0.4240.75 Safari/537.36"
::1 - - [24/Oct/2020:14:20:17 +0000] "GET /coverage/index.html HTTP/1.1" 301 169 "-" "Mozilla/5.0 (X11; Linux x86_64) AppleWebKit/537.36 (KHTML, like Gecko) Chrome/86.0.4240.75 Safari/537.36"
::1 - - [24/Oct/2020:14:20:17 +0000] "GET /coverage/index.html HTTP/1.1" 301 169 "-" "Mozilla/5.0 (X11; Linux x86_64) AppleWebKit/537.36 (KHTML, like Gecko) Chrome/86.0.4240.75 Safari/537.36"
::1 - - [24/Oct/2020:14:20:17 +0000] "GET /coverage/index.html HTTP/1.1" 301 169 "-" "Mozilla/5.0 (X11; Linux x86_64) AppleWebKit/537.36 (KHTML, like Gecko) Chrome/86.0.4240.75 Safari/537.36"
::1 - - [24/Oct/2020:14:20:17 +0000] "GET /coverage/index.html HTTP/1.1" 301 169 "-" "Mozilla/5.0 (X11; Linux x86_64) AppleWebKit/537.36 (KHTML, like Gecko) Chrome/86.0.4240.75 Safari/537.36"
::1 - - [24/Oct/2020:14:20:17 +0000] "GET /coverage/index.html HTTP/1.1" 301 169 "-" "Mozilla/5.0 (X11; Linux x86_64) AppleWebKit/537.36 (KHTML, like Gecko) Chrome/86.0.4240.75 Safari/537.36"
::1 - - [24/Oct/2020:14:20:17 +0000] "GET /coverage/index.html HTTP/1.1" 301 169 "-" "Mozilla/5.0 (X11; Linux x86_64) AppleWebKit/537.36 (KHTML, like Gecko) Chrome/86.0.4240.75 Safari/537.36"
::1 - - [24/Oct/2020:14:20:17 +0000] "GET /coverage/index.html HTTP/1.1" 301 169 "-" "Mozilla/5.0 (X11; Linux x86_64) AppleWebKit/537.36 (KHTML, like Gecko) Chrome/86.0.4240.75 Safari/537.36"
::1 - - [24/Oct/2020:14:20:17 +0000] "GET /coverage/index.html HTTP/1.1" 301 169 "-" "Mozilla/5.0 (X11; Linux x86_64) AppleWebKit/537.36 (KHTML, like Gecko) Chrome/86.0.4240.75 Safari/537.36"
::1 - - [24/Oct/2020:14:20:17 +0000] "GET /coverage/index.html HTTP/1.1" 301 169 "-" "Mozilla/5.0 (X11; Linux x86_64) AppleWebKit/537.36 (KHTML, like Gecko) Chrome/86.0.4240.75 Safari/537.36"
::1 - - [24/Oct/2020:14:20:17 +0000] "GET /coverage/index.html HTTP/1.1" 301 169 "-" "Mozilla/5.0 (X11; Linux x86_64) AppleWebKit/537.36 (KHTML, like Gecko) Chrome/86.0.4240.75 Safari/537.36"
::1 - - [24/Oct/2020:14:20:17 +0000] "GET /coverage/index.html HTTP/1.1" 301 169 "-" "Mozilla/5.0 (X11; Linux x86_64) AppleWebKit/537.36 (KHTML, like Gecko) Chrome/86.0.4240.75 Safari/537.36"
::1 - - [24/Oct/2020:14:20:17 +0000] "GET /coverage/index.html HTTP/1.1" 301 169 "-" "Mozilla/5.0 (X11; Linux x86_64) AppleWebKit/537.36 (KHTML, like Gecko) Chrome/86.0.4240.75 Safari/537.36"
::1 - - [24/Oct/2020:14:20:22 +0000] "GET /coverage/index.html HTTP/1.1" 301 169 "-" "Mozilla/5.0 (X11; Linux x86_64) AppleWebKit/537.36 (KHTML, like Gecko) Chrome/86.0.4240.75 Safari/537.36"
::1 - - [24/Oct/2020:14:20:22 +0000] "GET /coverage/index.html HTTP/1.1" 301 169 "-" "Mozilla/5.0 (X11; Linux x86_64) AppleWebKit/537.36 (KHTML, like Gecko) Chrome/86.0.4240.75 Safari/537.36"
::1 - - [24/Oct/2020:14:20:22 +0000] "GET /coverage/index.html HTTP/1.1" 301 169 "-" "Mozilla/5.0 (X11; Linux x86_64) AppleWebKit/537.36 (KHTML, like Gecko) Chrome/86.0.4240.75 Safari/537.36"
::1 - - [24/Oct/2020:14:20:22 +0000] "GET /coverage/index.html HTTP/1.1" 301 169 "-" "Mozilla/5.0 (X11; Linux x86_64) AppleWebKit/537.36 (KHTML, like Gecko) Chrome/86.0.4240.75 Safari/537.36"
::1 - - [24/Oct/2020:14:20:22 +0000] "GET /coverage/index.html HTTP/1.1" 301 169 "-" "Mozilla/5.0 (X11; Linux x86_64) AppleWebKit/537.36 (KHTML, like Gecko) Chrome/86.0.4240.75 Safari/537.36"
::1 - - [24/Oct/2020:14:20:22 +0000] "GET /coverage/index.html HTTP/1.1" 301 169 "-" "Mozilla/5.0 (X11; Linux x86_64) AppleWebKit/537.36 (KHTML, like Gecko) Chrome/86.0.4240.75 Safari/537.36"
::1 - - [24/Oct/2020:14:20:22 +0000] "GET /coverage/index.html HTTP/1.1" 301 169 "-" "Mozilla/5.0 (X11; Linux x86_64) AppleWebKit/537.36 (KHTML, like Gecko) Chrome/86.0.4240.75 Safari/537.36"
::1 - - [24/Oct/2020:14:20:23 +0000] "GET /coverage/index.html HTTP/1.1" 301 169 "-" "Mozilla/5.0 (X11; Linux x86_64) AppleWebKit/537.36 (KHTML, like Gecko) Chrome/86.0.4240.75 Safari/537.36"
::1 - - [24/Oct/2020:14:20:23 +0000] "GET /coverage/index.html HTTP/1.1" 301 169 "-" "Mozilla/5.0 (X11; Linux x86_64) AppleWebKit/537.36 (KHTML, like Gecko) Chrome/86.0.4240.75 Safari/537.36"
::1 - - [24/Oct/2020:14:20:23 +0000] "GET /coverage/index.html HTTP/1.1" 301 169 "-" "Mozilla/5.0 (X11; Linux x86_64) AppleWebKit/537.36 (KHTML, like Gecko) Chrome/86.0.4240.75 Safari/537.36"
::1 - - [24/Oct/2020:14:20:23 +0000] "GET /coverage/index.html HTTP/1.1" 301 169 "-" "Mozilla/5.0 (X11; Linux x86_64) AppleWebKit/537.36 (KHTML, like Gecko) Chrome/86.0.4240.75 Safari/537.36"
::1 - - [24/Oct/2020:14:20:23 +0000] "GET /coverage/index.html HTTP/1.1" 301 169 "-" "Mozilla/5.0 (X11; Linux x86_64) AppleWebKit/537.36 (KHTML, like Gecko) Chrome/86.0.4240.75 Safari/537.36"
::1 - - [24/Oct/2020:14:20:23 +0000] "GET /coverage/index.html HTTP/1.1" 301 169 "-" "Mozilla/5.0 (X11; Linux x86_64) AppleWebKit/537.36 (KHTML, like Gecko) Chrome/86.0.4240.75 Safari/537.36"
::1 - - [24/Oct/2020:14:20:23 +0000] "GET /coverage/index.html HTTP/1.1" 301 169 "-" "Mozilla/5.0 (X11; Linux x86_64) AppleWebKit/537.36 (KHTML, like Gecko) Chrome/86.0.4240.75 Safari/537.36"
::1 - - [24/Oct/2020:14:20:23 +0000] "GET /coverage/index.html HTTP/1.1" 301 169 "-" "Mozilla/5.0 (X11; Linux x86_64) AppleWebKit/537.36 (KHTML, like Gecko) Chrome/86.0.4240.75 Safari/537.36"
::1 - - [24/Oct/2020:14:20:23 +0000] "GET /coverage/index.html HTTP/1.1" 301 169 "-" "Mozilla/5.0 (X11; Linux x86_64) AppleWebKit/537.36 (KHTML, like Gecko) Chrome/86.0.4240.75 Safari/537.36"
::1 - - [24/Oct/2020:14:20:23 +0000] "GET /coverage/index.html HTTP/1.1" 301 169 "-" "Mozilla/5.0 (X11; Linux x86_64) AppleWebKit/537.36 (KHTML, like Gecko) Chrome/86.0.4240.75 Safari/537.36"
::1 - - [24/Oct/2020:14:20:23 +0000] "GET /coverage/index.html HTTP/1.1" 301 169 "-" "Mozilla/5.0 (X11; Linux x86_64) AppleWebKit/537.36 (KHTML, like Gecko) Chrome/86.0.4240.75 Safari/537.36"
::1 - - [24/Oct/2020:14:20:23 +0000] "GET /coverage/index.html HTTP/1.1" 301 169 "-" "Mozilla/5.0 (X11; Linux x86_64) AppleWebKit/537.36 (KHTML, like Gecko) Chrome/86.0.4240.75 Safari/537.36"
::1 - - [24/Oct/2020:14:20:23 +0000] "GET /coverage/index.html HTTP/1.1" 301 169 "-" "Mozilla/5.0 (X11; Linux x86_64) AppleWebKit/537.36 (KHTML, like Gecko) Chrome/86.0.4240.75 Safari/537.36"
::1 - - [24/Oct/2020:14:20:53 +0000] "GET /coverage/index.html HTTP/1.1" 301 169 "-" "Mozilla/5.0 (X11; Linux x86_64) AppleWebKit/537.36 (KHTML, like Gecko) Chrome/86.0.4240.75 Safari/537.36"
::1 - - [24/Oct/2020:14:20:53 +0000] "GET /coverage/index.html HTTP/1.1" 301 169 "-" "Mozilla/5.0 (X11; Linux x86_64) AppleWebKit/537.36 (KHTML, like Gecko) Chrome/86.0.4240.75 Safari/537.36"
::1 - - [24/Oct/2020:14:20:53 +0000] "GET /coverage/index.html HTTP/1.1" 301 169 "-" "Mozilla/5.0 (X11; Linux x86_64) AppleWebKit/537.36 (KHTML, like Gecko) Chrome/86.0.4240.75 Safari/537.36"
::1 - - [24/Oct/2020:14:20:53 +0000] "GET /coverage/index.html HTTP/1.1" 301 169 "-" "Mozilla/5.0 (X11; Linux x86_64) AppleWebKit/537.36 (KHTML, like Gecko) Chrome/86.0.4240.75 Safari/537.36"
::1 - - [24/Oct/2020:14:20:53 +0000] "GET /coverage/index.html HTTP/1.1" 301 169 "-" "Mozilla/5.0 (X11; Linux x86_64) AppleWebKit/537.36 (KHTML, like Gecko) Chrome/86.0.4240.75 Safari/537.36"
::1 - - [24/Oct/2020:14:20:53 +0000] "GET /coverage/index.html HTTP/1.1" 301 169 "-" "Mozilla/5.0 (X11; Linux x86_64) AppleWebKit/537.36 (KHTML, like Gecko) Chrome/86.0.4240.75 Safari/537.36"
::1 - - [24/Oct/2020:14:20:53 +0000] "GET /coverage/index.html HTTP/1.1" 301 169 "-" "Mozilla/5.0 (X11; Linux x86_64) AppleWebKit/537.36 (KHTML, like Gecko) Chrome/86.0.4240.75 Safari/537.36"
::1 - - [24/Oct/2020:14:20:53 +0000] "GET /coverage/index.html HTTP/1.1" 301 169 "-" "Mozilla/5.0 (X11; Linux x86_64) AppleWebKit/537.36 (KHTML, like Gecko) Chrome/86.0.4240.75 Safari/537.36"
::1 - - [24/Oct/2020:14:20:53 +0000] "GET /coverage/index.html HTTP/1.1" 301 169 "-" "Mozilla/5.0 (X11; Linux x86_64) AppleWebKit/537.36 (KHTML, like Gecko) Chrome/86.0.4240.75 Safari/537.36"
::1 - - [24/Oct/2020:14:20:53 +0000] "GET /coverage/index.html HTTP/1.1" 301 169 "-" "Mozilla/5.0 (X11; Linux x86_64) AppleWebKit/537.36 (KHTML, like Gecko) Chrome/86.0.4240.75 Safari/537.36"
::1 - - [24/Oct/2020:14:20:53 +0000] "GET /coverage/index.html HTTP/1.1" 301 169 "-" "Mozilla/5.0 (X11; Linux x86_64) AppleWebKit/537.36 (KHTML, like Gecko) Chrome/86.0.4240.75 Safari/537.36"
::1 - - [24/Oct/2020:14:20:53 +0000] "GET /coverage/index.html HTTP/1.1" 301 169 "-" "Mozilla/5.0 (X11; Linux x86_64) AppleWebKit/537.36 (KHTML, like Gecko) Chrome/86.0.4240.75 Safari/537.36"
::1 - - [24/Oct/2020:14:20:53 +0000] "GET /coverage/index.html HTTP/1.1" 301 169 "-" "Mozilla/5.0 (X11; Linux x86_64) AppleWebKit/537.36 (KHTML, like Gecko) Chrome/86.0.4240.75 Safari/537.36"
::1 - - [24/Oct/2020:14:20:53 +0000] "GET /coverage/index.html HTTP/1.1" 301 169 "-" "Mozilla/5.0 (X11; Linux x86_64) AppleWebKit/537.36 (KHTML, like Gecko) Chrome/86.0.4240.75 Safari/537.36"
::1 - - [24/Oct/2020:14:20:53 +0000] "GET /coverage/index.html HTTP/1.1" 301 169 "-" "Mozilla/5.0 (X11; Linux x86_64) AppleWebKit/537.36 (KHTML, like Gecko) Chrome/86.0.4240.75 Safari/537.36"
::1 - - [24/Oct/2020:14:20:53 +0000] "GET /coverage/index.html HTTP/1.1" 301 169 "-" "Mozilla/5.0 (X11; Linux x86_64) AppleWebKit/537.36 (KHTML, like Gecko) Chrome/86.0.4240.75 Safari/537.36"
::1 - - [24/Oct/2020:14:20:53 +0000] "GET /coverage/index.html HTTP/1.1" 301 169 "-" "Mozilla/5.0 (X11; Linux x86_64) AppleWebKit/537.36 (KHTML, like Gecko) Chrome/86.0.4240.75 Safari/537.36"
::1 - - [24/Oct/2020:14:20:53 +0000] "GET /coverage/index.html HTTP/1.1" 301 169 "-" "Mozilla/5.0 (X11; Linux x86_64) AppleWebKit/537.36 (KHTML, like Gecko) Chrome/86.0.4240.75 Safari/537.36"
::1 - - [24/Oct/2020:14:20:53 +0000] "GET /coverage/index.html HTTP/1.1" 301 169 "-" "Mozilla/5.0 (X11; Linux x86_64) AppleWebKit/537.36 (KHTML, like Gecko) Chrome/86.0.4240.75 Safari/537.36"
::1 - - [24/Oct/2020:14:20:53 +0000] "GET /coverage/index.html HTTP/1.1" 301 169 "-" "Mozilla/5.0 (X11; Linux x86_64) AppleWebKit/537.36 (KHTML, like Gecko) Chrome/86.0.4240.75 Safari/537.36"
::1 - - [24/Oct/2020:14:21:30 +0000] "GET /backend HTTP/1.1" 200 400175 "-" "Mozilla/5.0 (X11; Linux x86_64) AppleWebKit/537.36 (KHTML, like Gecko) Chrome/86.0.4240.75 Safari/537.36"
::1 - - [24/Oct/2020:14:21:49 +0000] "GET /client HTTP/1.1" 200 826 "-" "Mozilla/5.0 (X11; Linux x86_64) AppleWebKit/537.36 (KHTML, like Gecko) Chrome/86.0.4240.75 Safari/537.36"
::1 - - [24/Oct/2020:14:21:49 +0000] "GET /js/app.js HTTP/1.1" 404 555 "http://localhost/client" "Mozilla/5.0 (X11; Linux x86_64) AppleWebKit/537.36 (KHTML, like Gecko) Chrome/86.0.4240.75 Safari/537.36"
::1 - - [24/Oct/2020:14:21:49 +0000] "GET /js/chunk-vendors.js HTTP/1.1" 404 555 "http://localhost/client" "Mozilla/5.0 (X11; Linux x86_64) AppleWebKit/537.36 (KHTML, like Gecko) Chrome/86.0.4240.75 Safari/537.36"
::1 - - [24/Oct/2020:14:21:49 +0000] "GET /js/about.js HTTP/1.1" 404 555 "http://localhost/client" "Mozilla/5.0 (X11; Linux x86_64) AppleWebKit/537.36 (KHTML, like Gecko) Chrome/86.0.4240.75 Safari/537.36"
::1 - - [24/Oct/2020:14:21:49 +0000] "GET /js/app.js HTTP/1.1" 404 555 "http://localhost/client" "Mozilla/5.0 (X11; Linux x86_64) AppleWebKit/537.36 (KHTML, like Gecko) Chrome/86.0.4240.75 Safari/537.36"
::1 - - [24/Oct/2020:14:23:40 +0000] "POST /auth/login HTTP/1.1" 404 555 "-" "Mozilla/5.0 (X11; Linux x86_64) AppleWebKit/537.36 (KHTML, like Gecko) Chrome/86.0.4240.75 Safari/537.36"
::1 - - [24/Oct/2020:14:24:00 +0000] "POST /api/login HTTP/1.1" 404 555 "-" "Mozilla/5.0 (X11; Linux x86_64) AppleWebKit/537.36 (KHTML, like Gecko) Chrome/86.0.4240.75 Safari/537.36"
::1 - - [24/Oct/2020:14:24:16 +0000] "POST /backend/login HTTP/1.1" 404 5733 "-" "Mozilla/5.0 (X11; Linux x86_64) AppleWebKit/537.36 (KHTML, like Gecko) Chrome/86.0.4240.75 Safari/537.36"
::1 - - [24/Oct/2020:14:24:28 +0000] "POST /backend/auth/login HTTP/1.1" 200 220 "-" "Mozilla/5.0 (X11; Linux x86_64) AppleWebKit/537.36 (KHTML, like Gecko) Chrome/86.0.4240.75 Safari/537.36"
127.0.0.1 - - [24/Oct/2020:14:25:20 +0000] "POST /auth/login HTTP/1.1" 200 220 "-" "Mozilla/5.0 (X11; Linux x86_64) AppleWebKit/537.36 (KHTML, like Gecko) Chrome/86.0.4240.75 Safari/537.36"
127.0.0.1 - - [24/Oct/2020:14:39:46 +0000] "GET /client HTTP/1.1" 200 826 "-" "Mozilla/5.0 (X11; Linux x86_64) AppleWebKit/537.36 (KHTML, like Gecko) Chrome/86.0.4240.75 Safari/537.36"
127.0.0.1 - - [24/Oct/2020:14:39:46 +0000] "GET /js/chunk-vendors.js HTTP/1.1" 404 5746 "http://localhost/client" "Mozilla/5.0 (X11; Linux x86_64) AppleWebKit/537.36 (KHTML, like Gecko) Chrome/86.0.4240.75 Safari/537.36"
127.0.0.1 - - [24/Oct/2020:14:39:46 +0000] "GET /js/app.js HTTP/1.1" 404 5736 "http://localhost/client" "Mozilla/5.0 (X11; Linux x86_64) AppleWebKit/537.36 (KHTML, like Gecko) Chrome/86.0.4240.75 Safari/537.36"
127.0.0.1 - - [24/Oct/2020:14:39:46 +0000] "GET /js/about.js HTTP/1.1" 404 5738 "http://localhost/client" "Mozilla/5.0 (X11; Linux x86_64) AppleWebKit/537.36 (KHTML, like Gecko) Chrome/86.0.4240.75 Safari/537.36"
127.0.0.1 - - [24/Oct/2020:14:39:46 +0000] "GET /js/app.js HTTP/1.1" 404 5736 "http://localhost/client" "Mozilla/5.0 (X11; Linux x86_64) AppleWebKit/537.36 (KHTML, like Gecko) Chrome/86.0.4240.75 Safari/537.36"
127.0.0.1 - - [24/Oct/2020:14:39:48 +0000] "GET / HTTP/1.1" 304 0 "-" "Mozilla/5.0 (X11; Linux x86_64) AppleWebKit/537.36 (KHTML, like Gecko) Chrome/86.0.4240.75 Safari/537.36"
127.0.0.1 - - [24/Oct/2020:14:52:26 +0000] "GET /client HTTP/1.1" 404 34770 "-" "Mozilla/5.0 (X11; Linux x86_64) AppleWebKit/537.36 (KHTML, like Gecko) Chrome/86.0.4240.75 Safari/537.36"
127.0.0.1 - - [24/Oct/2020:14:52:57 +0000] "GET /client HTTP/1.1" 404 555 "-" "Mozilla/5.0 (X11; Linux x86_64) AppleWebKit/537.36 (KHTML, like Gecko) Chrome/86.0.4240.75 Safari/537.36"
127.0.0.1 - - [24/Oct/2020:14:55:10 +0000] "GET /client HTTP/1.1" 500 579 "-" "Mozilla/5.0 (X11; Linux x86_64) AppleWebKit/537.36 (KHTML, like Gecko) Chrome/86.0.4240.75 Safari/537.36"
127.0.0.1 - - [24/Oct/2020:14:58:52 +0000] "GET /client HTTP/1.1" 404 555 "-" "Mozilla/5.0 (X11; Linux x86_64) AppleWebKit/537.36 (KHTML, like Gecko) Chrome/86.0.4240.75 Safari/537.36"
127.0.0.1 - - [24/Oct/2020:14:59:55 +0000] "GET /client HTTP/1.1" 200 782 "-" "Mozilla/5.0 (X11; Linux x86_64) AppleWebKit/537.36 (KHTML, like Gecko) Chrome/86.0.4240.75 Safari/537.36"
127.0.0.1 - - [24/Oct/2020:15:01:50 +0000] "GET /client HTTP/1.1" 200 782 "-" "Mozilla/5.0 (X11; Ubuntu; Linux x86_64; rv:82.0) Gecko/20100101 Firefox/82.0"
127.0.0.1 - - [24/Oct/2020:15:11:28 +0000] "GET / HTTP/1.1" 403 555 "-" "Mozilla/5.0 (X11; Linux x86_64) AppleWebKit/537.36 (KHTML, like Gecko) Chrome/86.0.4240.75 Safari/537.36"
127.0.0.1 - - [24/Oct/2020:15:11:32 +0000] "GET /client HTTP/1.1" 404 555 "-" "Mozilla/5.0 (X11; Linux x86_64) AppleWebKit/537.36 (KHTML, like Gecko) Chrome/86.0.4240.75 Safari/537.36"
127.0.0.1 - - [24/Oct/2020:15:13:04 +0000] "GET /client HTTP/1.1" 200 782 "-" "Mozilla/5.0 (X11; Linux x86_64) AppleWebKit/537.36 (KHTML, like Gecko) Chrome/86.0.4240.75 Safari/537.36"
127.0.0.1 - - [24/Oct/2020:15:17:39 +0000] "GET /client HTTP/1.1" 200 782 "-" "Mozilla/5.0 (X11; Linux x86_64) AppleWebKit/537.36 (KHTML, like Gecko) Chrome/86.0.4240.75 Safari/537.36"
127.0.0.1 - - [24/Oct/2020:15:17:39 +0000] "GET /css/app.5c9713c3.css HTTP/1.1" 404 555 "http://localhost/client" "Mozilla/5.0 (X11; Linux x86_64) AppleWebKit/537.36 (KHTML, like Gecko) Chrome/86.0.4240.75 Safari/537.36"
127.0.0.1 - - [24/Oct/2020:15:17:39 +0000] "GET /js/app.df0d485a.js HTTP/1.1" 404 555 "http://localhost/client" "Mozilla/5.0 (X11; Linux x86_64) AppleWebKit/537.36 (KHTML, like Gecko) Chrome/86.0.4240.75 Safari/537.36"
127.0.0.1 - - [24/Oct/2020:15:17:39 +0000] "GET /js/chunk-vendors.df3a031f.js HTTP/1.1" 404 555 "http://localhost/client" "Mozilla/5.0 (X11; Linux x86_64) AppleWebKit/537.36 (KHTML, like Gecko) Chrome/86.0.4240.75 Safari/537.36"
127.0.0.1 - - [24/Oct/2020:15:17:40 +0000] "GET /js/about.1973c9f2.js HTTP/1.1" 404 555 "http://localhost/client" "Mozilla/5.0 (X11; Linux x86_64) AppleWebKit/537.36 (KHTML, like Gecko) Chrome/86.0.4240.75 Safari/537.36"
127.0.0.1 - - [24/Oct/2020:15:17:40 +0000] "GET /js/app.df0d485a.js HTTP/1.1" 404 555 "http://localhost/client" "Mozilla/5.0 (X11; Linux x86_64) AppleWebKit/537.36 (KHTML, like Gecko) Chrome/86.0.4240.75 Safari/537.36"
127.0.0.1 - - [24/Oct/2020:15:17:45 +0000] "GET /client HTTP/1.1" 200 782 "-" "Mozilla/5.0 (X11; Linux x86_64) AppleWebKit/537.36 (KHTML, like Gecko) Chrome/86.0.4240.75 Safari/537.36"
127.0.0.1 - - [24/Oct/2020:15:17:46 +0000] "GET /css/app.5c9713c3.css HTTP/1.1" 404 555 "http://localhost/client" "Mozilla/5.0 (X11; Linux x86_64) AppleWebKit/537.36 (KHTML, like Gecko) Chrome/86.0.4240.75 Safari/537.36"
127.0.0.1 - - [24/Oct/2020:15:17:46 +0000] "GET /js/app.df0d485a.js HTTP/1.1" 404 555 "http://localhost/client" "Mozilla/5.0 (X11; Linux x86_64) AppleWebKit/537.36 (KHTML, like Gecko) Chrome/86.0.4240.75 Safari/537.36"
127.0.0.1 - - [24/Oct/2020:15:17:46 +0000] "GET /js/chunk-vendors.df3a031f.js HTTP/1.1" 404 555 "http://localhost/client" "Mozilla/5.0 (X11; Linux x86_64) AppleWebKit/537.36 (KHTML, like Gecko) Chrome/86.0.4240.75 Safari/537.36"
127.0.0.1 - - [24/Oct/2020:15:17:46 +0000] "GET /js/about.1973c9f2.js HTTP/1.1" 404 555 "http://localhost/client" "Mozilla/5.0 (X11; Linux x86_64) AppleWebKit/537.36 (KHTML, like Gecko) Chrome/86.0.4240.75 Safari/537.36"
127.0.0.1 - - [24/Oct/2020:15:17:46 +0000] "GET /js/app.df0d485a.js HTTP/1.1" 404 555 "http://localhost/client" "Mozilla/5.0 (X11; Linux x86_64) AppleWebKit/537.36 (KHTML, like Gecko) Chrome/86.0.4240.75 Safari/537.36"
127.0.0.1 - - [24/Oct/2020:15:18:48 +0000] "GET /client HTTP/1.1" 200 782 "-" "Mozilla/5.0 (X11; Linux x86_64) AppleWebKit/537.36 (KHTML, like Gecko) Chrome/86.0.4240.75 Safari/537.36"
127.0.0.1 - - [24/Oct/2020:15:18:48 +0000] "GET /css/app.5c9713c3.css HTTP/1.1" 200 782 "http://localhost/client" "Mozilla/5.0 (X11; Linux x86_64) AppleWebKit/537.36 (KHTML, like Gecko) Chrome/86.0.4240.75 Safari/537.36"
127.0.0.1 - - [24/Oct/2020:15:18:48 +0000] "GET /js/app.df0d485a.js HTTP/1.1" 200 782 "http://localhost/client" "Mozilla/5.0 (X11; Linux x86_64) AppleWebKit/537.36 (KHTML, like Gecko) Chrome/86.0.4240.75 Safari/537.36"
127.0.0.1 - - [24/Oct/2020:15:18:48 +0000] "GET /js/chunk-vendors.df3a031f.js HTTP/1.1" 200 782 "http://localhost/client" "Mozilla/5.0 (X11; Linux x86_64) AppleWebKit/537.36 (KHTML, like Gecko) Chrome/86.0.4240.75 Safari/537.36"
127.0.0.1 - - [24/Oct/2020:15:18:48 +0000] "GET /js/about.1973c9f2.js HTTP/1.1" 200 782 "http://localhost/client" "Mozilla/5.0 (X11; Linux x86_64) AppleWebKit/537.36 (KHTML, like Gecko) Chrome/86.0.4240.75 Safari/537.36"
127.0.0.1 - - [24/Oct/2020:15:19:02 +0000] "GET /client HTTP/1.1" 200 782 "-" "Mozilla/5.0 (X11; Linux x86_64) AppleWebKit/537.36 (KHTML, like Gecko) Chrome/86.0.4240.75 Safari/537.36"
127.0.0.1 - - [24/Oct/2020:15:19:02 +0000] "GET /css/app.5c9713c3.css HTTP/1.1" 200 782 "http://localhost/client" "Mozilla/5.0 (X11; Linux x86_64) AppleWebKit/537.36 (KHTML, like Gecko) Chrome/86.0.4240.75 Safari/537.36"
127.0.0.1 - - [24/Oct/2020:15:19:02 +0000] "GET /js/app.df0d485a.js HTTP/1.1" 200 782 "http://localhost/client" "Mozilla/5.0 (X11; Linux x86_64) AppleWebKit/537.36 (KHTML, like Gecko) Chrome/86.0.4240.75 Safari/537.36"
127.0.0.1 - - [24/Oct/2020:15:19:02 +0000] "GET /js/chunk-vendors.df3a031f.js HTTP/1.1" 200 782 "http://localhost/client" "Mozilla/5.0 (X11; Linux x86_64) AppleWebKit/537.36 (KHTML, like Gecko) Chrome/86.0.4240.75 Safari/537.36"
127.0.0.1 - - [24/Oct/2020:15:19:02 +0000] "GET /js/about.1973c9f2.js HTTP/1.1" 200 782 "http://localhost/client" "Mozilla/5.0 (X11; Linux x86_64) AppleWebKit/537.36 (KHTML, like Gecko) Chrome/86.0.4240.75 Safari/537.36"
127.0.0.1 - - [24/Oct/2020:15:19:08 +0000] "GET /client/index.html HTTP/1.1" 301 5 "-" "Mozilla/5.0 (X11; Linux x86_64) AppleWebKit/537.36 (KHTML, like Gecko) Chrome/86.0.4240.75 Safari/537.36"
127.0.0.1 - - [24/Oct/2020:15:19:08 +0000] "GET /index HTTP/1.1" 404 555 "-" "Mozilla/5.0 (X11; Linux x86_64) AppleWebKit/537.36 (KHTML, like Gecko) Chrome/86.0.4240.75 Safari/537.36"
127.0.0.1 - - [24/Oct/2020:15:19:25 +0000] "GET /client HTTP/1.1" 200 782 "-" "Mozilla/5.0 (X11; Linux x86_64) AppleWebKit/537.36 (KHTML, like Gecko) Chrome/86.0.4240.75 Safari/537.36"
127.0.0.1 - - [24/Oct/2020:15:19:25 +0000] "GET /css/app.5c9713c3.css HTTP/1.1" 200 782 "http://localhost/client" "Mozilla/5.0 (X11; Linux x86_64) AppleWebKit/537.36 (KHTML, like Gecko) Chrome/86.0.4240.75 Safari/537.36"
127.0.0.1 - - [24/Oct/2020:15:19:25 +0000] "GET /js/app.df0d485a.js HTTP/1.1" 200 782 "http://localhost/client" "Mozilla/5.0 (X11; Linux x86_64) AppleWebKit/537.36 (KHTML, like Gecko) Chrome/86.0.4240.75 Safari/537.36"
127.0.0.1 - - [24/Oct/2020:15:19:25 +0000] "GET /js/chunk-vendors.df3a031f.js HTTP/1.1" 200 782 "http://localhost/client" "Mozilla/5.0 (X11; Linux x86_64) AppleWebKit/537.36 (KHTML, like Gecko) Chrome/86.0.4240.75 Safari/537.36"
127.0.0.1 - - [24/Oct/2020:15:19:25 +0000] "GET /js/about.1973c9f2.js HTTP/1.1" 200 782 "http://localhost/client" "Mozilla/5.0 (X11; Linux x86_64) AppleWebKit/537.36 (KHTML, like Gecko) Chrome/86.0.4240.75 Safari/537.36"
127.0.0.1 - - [24/Oct/2020:15:19:30 +0000] "GET /client HTTP/1.1" 200 782 "-" "Mozilla/5.0 (X11; Linux x86_64) AppleWebKit/537.36 (KHTML, like Gecko) Chrome/86.0.4240.75 Safari/537.36"
127.0.0.1 - - [24/Oct/2020:15:19:30 +0000] "GET /css/app.5c9713c3.css HTTP/1.1" 200 782 "http://localhost/client" "Mozilla/5.0 (X11; Linux x86_64) AppleWebKit/537.36 (KHTML, like Gecko) Chrome/86.0.4240.75 Safari/537.36"
127.0.0.1 - - [24/Oct/2020:15:19:30 +0000] "GET /js/app.df0d485a.js HTTP/1.1" 200 782 "http://localhost/client" "Mozilla/5.0 (X11; Linux x86_64) AppleWebKit/537.36 (KHTML, like Gecko) Chrome/86.0.4240.75 Safari/537.36"
127.0.0.1 - - [24/Oct/2020:15:19:30 +0000] "GET /js/chunk-vendors.df3a031f.js HTTP/1.1" 200 782 "http://localhost/client" "Mozilla/5.0 (X11; Linux x86_64) AppleWebKit/537.36 (KHTML, like Gecko) Chrome/86.0.4240.75 Safari/537.36"
127.0.0.1 - - [24/Oct/2020:15:19:30 +0000] "GET /js/about.1973c9f2.js HTTP/1.1" 200 782 "http://localhost/client" "Mozilla/5.0 (X11; Linux x86_64) AppleWebKit/537.36 (KHTML, like Gecko) Chrome/86.0.4240.75 Safari/537.36"
127.0.0.1 - - [24/Oct/2020:15:19:52 +0000] "GET /client HTTP/1.1" 200 782 "-" "Mozilla/5.0 (X11; Linux x86_64) AppleWebKit/537.36 (KHTML, like Gecko) Chrome/86.0.4240.75 Safari/537.36"
127.0.0.1 - - [24/Oct/2020:15:19:52 +0000] "GET /css/app.5c9713c3.css HTTP/1.1" 200 782 "http://localhost/client" "Mozilla/5.0 (X11; Linux x86_64) AppleWebKit/537.36 (KHTML, like Gecko) Chrome/86.0.4240.75 Safari/537.36"
127.0.0.1 - - [24/Oct/2020:15:19:52 +0000] "GET /js/app.df0d485a.js HTTP/1.1" 200 782 "http://localhost/client" "Mozilla/5.0 (X11; Linux x86_64) AppleWebKit/537.36 (KHTML, like Gecko) Chrome/86.0.4240.75 Safari/537.36"
127.0.0.1 - - [24/Oct/2020:15:19:52 +0000] "GET /js/chunk-vendors.df3a031f.js HTTP/1.1" 200 782 "http://localhost/client" "Mozilla/5.0 (X11; Linux x86_64) AppleWebKit/537.36 (KHTML, like Gecko) Chrome/86.0.4240.75 Safari/537.36"
127.0.0.1 - - [24/Oct/2020:15:19:52 +0000] "GET /js/about.1973c9f2.js HTTP/1.1" 200 782 "http://localhost/client" "Mozilla/5.0 (X11; Linux x86_64) AppleWebKit/537.36 (KHTML, like Gecko) Chrome/86.0.4240.75 Safari/537.36"
127.0.0.1 - - [24/Oct/2020:15:20:54 +0000] "GET /client HTTP/1.1" 200 782 "-" "Mozilla/5.0 (X11; Linux x86_64) AppleWebKit/537.36 (KHTML, like Gecko) Chrome/86.0.4240.75 Safari/537.36"
127.0.0.1 - - [24/Oct/2020:15:20:55 +0000] "GET /css/app.5c9713c3.css HTTP/1.1" 200 782 "http://memory_app.com/client" "Mozilla/5.0 (X11; Linux x86_64) AppleWebKit/537.36 (KHTML, like Gecko) Chrome/86.0.4240.75 Safari/537.36"
127.0.0.1 - - [24/Oct/2020:15:20:55 +0000] "GET /js/app.df0d485a.js HTTP/1.1" 200 782 "http://memory_app.com/client" "Mozilla/5.0 (X11; Linux x86_64) AppleWebKit/537.36 (KHTML, like Gecko) Chrome/86.0.4240.75 Safari/537.36"
127.0.0.1 - - [24/Oct/2020:15:20:55 +0000] "GET /js/chunk-vendors.df3a031f.js HTTP/1.1" 200 782 "http://memory_app.com/client" "Mozilla/5.0 (X11; Linux x86_64) AppleWebKit/537.36 (KHTML, like Gecko) Chrome/86.0.4240.75 Safari/537.36"
127.0.0.1 - - [24/Oct/2020:15:20:55 +0000] "GET /js/about.1973c9f2.js HTTP/1.1" 200 782 "http://memory_app.com/client" "Mozilla/5.0 (X11; Linux x86_64) AppleWebKit/537.36 (KHTML, like Gecko) Chrome/86.0.4240.75 Safari/537.36"
127.0.0.1 - - [24/Oct/2020:15:21:04 +0000] "GET /client HTTP/1.1" 200 782 "-" "Mozilla/5.0 (X11; Linux x86_64) AppleWebKit/537.36 (KHTML, like Gecko) Chrome/86.0.4240.75 Safari/537.36"
127.0.0.1 - - [24/Oct/2020:15:21:04 +0000] "GET /css/app.5c9713c3.css HTTP/1.1" 200 782 "http://localhost/client" "Mozilla/5.0 (X11; Linux x86_64) AppleWebKit/537.36 (KHTML, like Gecko) Chrome/86.0.4240.75 Safari/537.36"
127.0.0.1 - - [24/Oct/2020:15:21:04 +0000] "GET /js/app.df0d485a.js HTTP/1.1" 200 782 "http://localhost/client" "Mozilla/5.0 (X11; Linux x86_64) AppleWebKit/537.36 (KHTML, like Gecko) Chrome/86.0.4240.75 Safari/537.36"
127.0.0.1 - - [24/Oct/2020:15:21:04 +0000] "GET /js/chunk-vendors.df3a031f.js HTTP/1.1" 200 782 "http://localhost/client" "Mozilla/5.0 (X11; Linux x86_64) AppleWebKit/537.36 (KHTML, like Gecko) Chrome/86.0.4240.75 Safari/537.36"
127.0.0.1 - - [24/Oct/2020:15:21:04 +0000] "GET /js/about.1973c9f2.js HTTP/1.1" 200 782 "http://localhost/client" "Mozilla/5.0 (X11; Linux x86_64) AppleWebKit/537.36 (KHTML, like Gecko) Chrome/86.0.4240.75 Safari/537.36"
127.0.0.1 - - [24/Oct/2020:15:25:22 +0000] "GET /client HTTP/1.1" 200 782 "-" "Mozilla/5.0 (X11; Linux x86_64) AppleWebKit/537.36 (KHTML, like Gecko) Chrome/86.0.4240.75 Safari/537.36"
127.0.0.1 - - [24/Oct/2020:15:25:22 +0000] "GET /css/app.5c9713c3.css HTTP/1.1" 304 0 "http://localhost/client" "Mozilla/5.0 (X11; Linux x86_64) AppleWebKit/537.36 (KHTML, like Gecko) Chrome/86.0.4240.75 Safari/537.36"
127.0.0.1 - - [24/Oct/2020:15:25:22 +0000] "GET /js/app.df0d485a.js HTTP/1.1" 304 0 "http://localhost/client" "Mozilla/5.0 (X11; Linux x86_64) AppleWebKit/537.36 (KHTML, like Gecko) Chrome/86.0.4240.75 Safari/537.36"
127.0.0.1 - - [24/Oct/2020:15:25:22 +0000] "GET /js/chunk-vendors.df3a031f.js HTTP/1.1" 304 0 "http://localhost/client" "Mozilla/5.0 (X11; Linux x86_64) AppleWebKit/537.36 (KHTML, like Gecko) Chrome/86.0.4240.75 Safari/537.36"
127.0.0.1 - - [24/Oct/2020:15:25:23 +0000] "GET /js/about.1973c9f2.js HTTP/1.1" 304 0 "http://localhost/client" "Mozilla/5.0 (X11; Linux x86_64) AppleWebKit/537.36 (KHTML, like Gecko) Chrome/86.0.4240.75 Safari/537.36"
127.0.0.1 - - [24/Oct/2020:15:25:25 +0000] "GET /css/app.5c9713c3.css HTTP/1.1" 304 0 "http://localhost/client" "Mozilla/5.0 (X11; Linux x86_64) AppleWebKit/537.36 (KHTML, like Gecko) Chrome/86.0.4240.75 Safari/537.36"
127.0.0.1 - - [24/Oct/2020:15:25:29 +0000] "GET /client HTTP/1.1" 200 782 "-" "Mozilla/5.0 (X11; Linux x86_64) AppleWebKit/537.36 (KHTML, like Gecko) Chrome/86.0.4240.75 Safari/537.36"
127.0.0.1 - - [24/Oct/2020:15:25:29 +0000] "GET /css/app.5c9713c3.css HTTP/1.1" 200 782 "http://localhost/client" "Mozilla/5.0 (X11; Linux x86_64) AppleWebKit/537.36 (KHTML, like Gecko) Chrome/86.0.4240.75 Safari/537.36"
127.0.0.1 - - [24/Oct/2020:15:25:29 +0000] "GET /js/app.df0d485a.js HTTP/1.1" 200 782 "http://localhost/client" "Mozilla/5.0 (X11; Linux x86_64) AppleWebKit/537.36 (KHTML, like Gecko) Chrome/86.0.4240.75 Safari/537.36"
127.0.0.1 - - [24/Oct/2020:15:25:29 +0000] "GET /js/chunk-vendors.df3a031f.js HTTP/1.1" 200 782 "http://localhost/client" "Mozilla/5.0 (X11; Linux x86_64) AppleWebKit/537.36 (KHTML, like Gecko) Chrome/86.0.4240.75 Safari/537.36"
127.0.0.1 - - [24/Oct/2020:15:25:29 +0000] "GET /js/about.1973c9f2.js HTTP/1.1" 200 782 "http://localhost/client" "Mozilla/5.0 (X11; Linux x86_64) AppleWebKit/537.36 (KHTML, like Gecko) Chrome/86.0.4240.75 Safari/537.36"
